This file contains any messages produced by compilers while
running configure, to aid debugging if configure makes a mistake.

It was created by cifs-utils configure 6.6, which was
generated by GNU Autoconf 2.69.  Invocation command line was

  $ ./configure 

## --------- ##
## Platform. ##
## --------- ##

hostname = XZ2C
uname -m = aarch64
uname -r = 4.14.254-gadd31cf4ca50
uname -s = Linux
uname -v = #1 SMP PREEMPT Sat Apr 9 14:56:16 EEST 2022

/usr/bin/uname -p = unknown
/bin/uname -X     = unknown

/bin/arch              = unknown
/usr/bin/arch -k       = unknown
/usr/convex/getsysinfo = unknown
/usr/bin/hostinfo      = unknown
/bin/machine           = unknown
/usr/bin/oslevel       = unknown
/bin/universe          = unknown

PATH: /home/defaultuser/.cargo/bin
PATH: /usr/local/sbin
PATH: /usr/local/bin
PATH: /usr/sbin
PATH: /usr/bin
PATH: /sbin
PATH: /bin


## ----------- ##
## Core tests. ##
## ----------- ##

configure:2379: checking for a BSD-compatible install
configure:2447: result: /usr/bin/install -c
configure:2458: checking whether build environment is sane
configure:2513: result: yes
configure:2662: checking for a thread-safe mkdir -p
configure:2701: result: /bin/mkdir -p
configure:2708: checking for gawk
configure:2724: found /usr/bin/gawk
configure:2735: result: gawk
configure:2746: checking whether make sets $(MAKE)
configure:2768: result: yes
configure:2797: checking whether make supports nested variables
configure:2814: result: yes
configure:3089: checking for gcc
configure:3105: found /usr/bin/gcc
configure:3116: result: gcc
configure:3345: checking for C compiler version
configure:3354: gcc --version >&5
gcc (Linaro GCC 8.2-2018.08~dev) 8.3.0 20190222 (Sailfish OS gcc 8.3.0-4)
Copyright (C) 2018 Free Software Foundation, Inc.
This is free software; see the source for copying conditions.  There is NO
warranty; not even for MERCHANTABILITY or FITNESS FOR A PARTICULAR PURPOSE.

configure:3365: $? = 0
configure:3354: gcc -v >&5
Using built-in specs.
COLLECT_GCC=gcc
COLLECT_LTO_WRAPPER=/usr/libexec/gcc/aarch64-meego-linux-gnu/8.3.0/lto-wrapper
Target: aarch64-meego-linux-gnu
Configured with: ../configure --prefix=/usr --mandir=/usr/share/man --disable-bootstrap --with-bugurl=https://git.sailfishos.org/ --build=aarch64-meego-linux-gnu --with-isl=/home/abuild/rpmbuild/BUILD/gcc-arm-src-snapshot-8.3-2019.03/obj-aarch64-meego-linux-gnu/isl-install --enable-plugin --enable-initfini-array --with-arch=armv8-a --disable-sjlj-exceptions --enable-gold --with-plugin-ld=gold --libdir=/usr/lib64 --disable-multilib --enable-checking=release --disable-fixed-point --with-system-zlib --enable-__cxa_atexit --disable-libunwind-exceptions --enable-gnu-unique-object --enable-lto --enable-linker-build-id --disable-libmpx --enable-languages=c,c++,lto --enable-threads=posix --enable-shared --disable-libgcj --disable-libcilkrts --enable-gnu-indirect-function --build=aarch64-meego-linux-gnu
Thread model: posix
gcc version 8.3.0 20190222 (Sailfish OS gcc 8.3.0-4) (Linaro GCC 8.2-2018.08~dev) 
configure:3365: $? = 0
configure:3354: gcc -V >&5
gcc: error: unrecognized command line option '-V'
gcc: fatal error: no input files
compilation terminated.
configure:3365: $? = 1
configure:3354: gcc -qversion >&5
gcc: error: unrecognized command line option '-qversion'; did you mean '--version'?
gcc: fatal error: no input files
compilation terminated.
configure:3365: $? = 1
configure:3385: checking whether the C compiler works
configure:3407: gcc    conftest.c  >&5
configure:3411: $? = 0
configure:3459: result: yes
configure:3462: checking for C compiler default output file name
configure:3464: result: a.out
configure:3470: checking for suffix of executables
configure:3477: gcc -o conftest    conftest.c  >&5
configure:3481: $? = 0
configure:3503: result: 
configure:3525: checking whether we are cross compiling
configure:3533: gcc -o conftest    conftest.c  >&5
configure:3537: $? = 0
configure:3544: ./conftest
configure:3548: $? = 0
configure:3536: result: no
configure:3541: checking for suffix of object files
configure:3563: gcc -c   conftest.c >&5
configure:3567: $? = 0
configure:3588: result: o
configure:3592: checking whether we are using the GNU C compiler
configure:3611: gcc -c   conftest.c >&5
configure:3611: $? = 0
configure:3620: result: yes
configure:3629: checking whether gcc accepts -g
configure:3649: gcc -c -g  conftest.c >&5
configure:3649: $? = 0
configure:3690: result: yes
configure:3707: checking for gcc option to accept ISO C89
configure:3770: gcc  -c -g -O2  conftest.c >&5
configure:3770: $? = 0
configure:3783: result: none needed
configure:3808: checking whether gcc understands -c and -o together
configure:3830: gcc -c conftest.c -o conftest2.o
configure:3833: $? = 0
configure:3830: gcc -c conftest.c -o conftest2.o
configure:3833: $? = 0
configure:3845: result: yes
configure:3865: checking whether make supports the include directive
configure:3880: make -f confmf.GNU && cat confinc.out
this is the am__doit target
configure:3883: $? = 0
configure:3902: result: yes (GNU style)
configure:3927: checking dependency style of gcc
configure:4038: result: gcc3
configure:4059: checking how to run the C preprocessor
configure:4090: gcc -E  conftest.c
configure:4090: $? = 0
configure:4104: gcc -E  conftest.c
conftest.c:12:10: fatal error: ac_nonexistent.h: No such file or directory
 #include <ac_nonexistent.h>
          ^~~~~~~~~~~~~~~~~~
compilation terminated.
configure:4104: $? = 1
configure: failed program was:
| /* confdefs.h */
| #define PACKAGE_NAME "cifs-utils"
| #define PACKAGE_TARNAME "cifs-utils"
| #define PACKAGE_VERSION "6.6"
| #define PACKAGE_STRING "cifs-utils 6.6"
| #define PACKAGE_BUGREPORT "linux-cifs@vger.kernel.org"
| #define PACKAGE_URL "https://wiki.samba.org/index.php/LinuxCIFS_utils"
| #define PACKAGE "cifs-utils"
| #define VERSION "6.6"
| #define IDMAP_PLUGIN_PATH "/etc/cifs-utils/idmap-plugin"
| /* end confdefs.h.  */
| #include <ac_nonexistent.h>
configure:4129: result: gcc -E
configure:4149: gcc -E  conftest.c
configure:4149: $? = 0
configure:4163: gcc -E  conftest.c
conftest.c:12:10: fatal error: ac_nonexistent.h: No such file or directory
 #include <ac_nonexistent.h>
          ^~~~~~~~~~~~~~~~~~
compilation terminated.
configure:4163: $? = 1
configure: failed program was:
| /* confdefs.h */
| #define PACKAGE_NAME "cifs-utils"
| #define PACKAGE_TARNAME "cifs-utils"
| #define PACKAGE_VERSION "6.6"
| #define PACKAGE_STRING "cifs-utils 6.6"
| #define PACKAGE_BUGREPORT "linux-cifs@vger.kernel.org"
| #define PACKAGE_URL "https://wiki.samba.org/index.php/LinuxCIFS_utils"
| #define PACKAGE "cifs-utils"
| #define VERSION "6.6"
| #define IDMAP_PLUGIN_PATH "/etc/cifs-utils/idmap-plugin"
| /* end confdefs.h.  */
| #include <ac_nonexistent.h>
configure:4192: checking for grep that handles long lines and -e
configure:4250: result: /usr/bin/grep
configure:4255: checking for egrep
configure:4317: result: /usr/bin/grep -E
configure:4322: checking for ANSI C header files
configure:4342: gcc -c -g -O2  conftest.c >&5
configure:4342: $? = 0
configure:4415: gcc -o conftest -g -O2   conftest.c  >&5
configure:4415: $? = 0
configure:4415: ./conftest
configure:4415: $? = 0
configure:4426: result: yes
configure:4439: checking for sys/types.h
configure:4439: gcc -c -g -O2  conftest.c >&5
configure:4439: $? = 0
configure:4439: result: yes
configure:4439: checking for sys/stat.h
configure:4439: gcc -c -g -O2  conftest.c >&5
configure:4439: $? = 0
configure:4439: result: yes
configure:4439: checking for stdlib.h
configure:4439: gcc -c -g -O2  conftest.c >&5
configure:4439: $? = 0
configure:4439: result: yes
configure:4439: checking for string.h
configure:4439: gcc -c -g -O2  conftest.c >&5
configure:4439: $? = 0
configure:4439: result: yes
configure:4439: checking for memory.h
configure:4439: gcc -c -g -O2  conftest.c >&5
configure:4439: $? = 0
configure:4439: result: yes
configure:4439: checking for strings.h
configure:4439: gcc -c -g -O2  conftest.c >&5
configure:4439: $? = 0
configure:4439: result: yes
configure:4439: checking for inttypes.h
configure:4439: gcc -c -g -O2  conftest.c >&5
configure:4439: $? = 0
configure:4439: result: yes
configure:4439: checking for stdint.h
configure:4439: gcc -c -g -O2  conftest.c >&5
configure:4439: $? = 0
configure:4439: result: yes
configure:4439: checking for unistd.h
configure:4439: gcc -c -g -O2  conftest.c >&5
configure:4439: $? = 0
configure:4439: result: yes
configure:4452: checking minix/config.h usability
configure:4452: gcc -c -g -O2  conftest.c >&5
conftest.c:55:10: fatal error: minix/config.h: No such file or directory
 #include <minix/config.h>
          ^~~~~~~~~~~~~~~~
compilation terminated.
configure:4452: $? = 1
configure: failed program was:
| /* confdefs.h */
| #define PACKAGE_NAME "cifs-utils"
| #define PACKAGE_TARNAME "cifs-utils"
| #define PACKAGE_VERSION "6.6"
| #define PACKAGE_STRING "cifs-utils 6.6"
| #define PACKAGE_BUGREPORT "linux-cifs@vger.kernel.org"
| #define PACKAGE_URL "https://wiki.samba.org/index.php/LinuxCIFS_utils"
| #define PACKAGE "cifs-utils"
| #define VERSION "6.6"
| #define IDMAP_PLUGIN_PATH "/etc/cifs-utils/idmap-plugin"
| #define STDC_HEADERS 1
| #define HAVE_SYS_TYPES_H 1
| #define HAVE_SYS_STAT_H 1
| #define HAVE_STDLIB_H 1
| #define HAVE_STRING_H 1
| #define HAVE_MEMORY_H 1
| #define HAVE_STRINGS_H 1
| #define HAVE_INTTYPES_H 1
| #define HAVE_STDINT_H 1
| #define HAVE_UNISTD_H 1
| /* end confdefs.h.  */
| #include <stdio.h>
| #ifdef HAVE_SYS_TYPES_H
| # include <sys/types.h>
| #endif
| #ifdef HAVE_SYS_STAT_H
| # include <sys/stat.h>
| #endif
| #ifdef STDC_HEADERS
| # include <stdlib.h>
| # include <stddef.h>
| #else
| # ifdef HAVE_STDLIB_H
| #  include <stdlib.h>
| # endif
| #endif
| #ifdef HAVE_STRING_H
| # if !defined STDC_HEADERS && defined HAVE_MEMORY_H
| #  include <memory.h>
| # endif
| # include <string.h>
| #endif
| #ifdef HAVE_STRINGS_H
| # include <strings.h>
| #endif
| #ifdef HAVE_INTTYPES_H
| # include <inttypes.h>
| #endif
| #ifdef HAVE_STDINT_H
| # include <stdint.h>
| #endif
| #ifdef HAVE_UNISTD_H
| # include <unistd.h>
| #endif
| #include <minix/config.h>
configure:4452: result: no
configure:4452: checking minix/config.h presence
configure:4452: gcc -E  conftest.c
conftest.c:22:10: fatal error: minix/config.h: No such file or directory
 #include <minix/config.h>
          ^~~~~~~~~~~~~~~~
compilation terminated.
configure:4452: $? = 1
configure: failed program was:
| /* confdefs.h */
| #define PACKAGE_NAME "cifs-utils"
| #define PACKAGE_TARNAME "cifs-utils"
| #define PACKAGE_VERSION "6.6"
| #define PACKAGE_STRING "cifs-utils 6.6"
| #define PACKAGE_BUGREPORT "linux-cifs@vger.kernel.org"
| #define PACKAGE_URL "https://wiki.samba.org/index.php/LinuxCIFS_utils"
| #define PACKAGE "cifs-utils"
| #define VERSION "6.6"
| #define IDMAP_PLUGIN_PATH "/etc/cifs-utils/idmap-plugin"
| #define STDC_HEADERS 1
| #define HAVE_SYS_TYPES_H 1
| #define HAVE_SYS_STAT_H 1
| #define HAVE_STDLIB_H 1
| #define HAVE_STRING_H 1
| #define HAVE_MEMORY_H 1
| #define HAVE_STRINGS_H 1
| #define HAVE_INTTYPES_H 1
| #define HAVE_STDINT_H 1
| #define HAVE_UNISTD_H 1
| /* end confdefs.h.  */
| #include <minix/config.h>
configure:4452: result: no
configure:4452: checking for minix/config.h
configure:4452: result: no
configure:4473: checking whether it is safe to define __EXTENSIONS__
configure:4491: gcc -c -g -O2  conftest.c >&5
configure:4491: $? = 0
configure:4498: result: yes
configure:4516: checking for a sed that does not truncate output
configure:4580: result: /bin/sed
configure:4587: checking for stdbool.h that conforms to C99
configure:4654: gcc -c -g -O2  conftest.c >&5
configure:4654: $? = 0
configure:4661: result: yes
configure:4663: checking for _Bool
configure:4663: gcc -c -g -O2  conftest.c >&5
configure:4663: $? = 0
configure:4663: gcc -c -g -O2  conftest.c >&5
conftest.c: In function 'main':
conftest.c:63:20: error: expected expression before ')' token
 if (sizeof ((_Bool)))
                    ^
configure:4663: $? = 1
configure: failed program was:
| /* confdefs.h */
| #define PACKAGE_NAME "cifs-utils"
| #define PACKAGE_TARNAME "cifs-utils"
| #define PACKAGE_VERSION "6.6"
| #define PACKAGE_STRING "cifs-utils 6.6"
| #define PACKAGE_BUGREPORT "linux-cifs@vger.kernel.org"
| #define PACKAGE_URL "https://wiki.samba.org/index.php/LinuxCIFS_utils"
| #define PACKAGE "cifs-utils"
| #define VERSION "6.6"
| #define IDMAP_PLUGIN_PATH "/etc/cifs-utils/idmap-plugin"
| #define STDC_HEADERS 1
| #define HAVE_SYS_TYPES_H 1
| #define HAVE_SYS_STAT_H 1
| #define HAVE_STDLIB_H 1
| #define HAVE_STRING_H 1
| #define HAVE_MEMORY_H 1
| #define HAVE_STRINGS_H 1
| #define HAVE_INTTYPES_H 1
| #define HAVE_STDINT_H 1
| #define HAVE_UNISTD_H 1
| #define __EXTENSIONS__ 1
| #define _ALL_SOURCE 1
| #define _GNU_SOURCE 1
| #define _POSIX_PTHREAD_SEMANTICS 1
| #define _TANDEM_SOURCE 1
| /* end confdefs.h.  */
| #include <stdio.h>
| #ifdef HAVE_SYS_TYPES_H
| # include <sys/types.h>
| #endif
| #ifdef HAVE_SYS_STAT_H
| # include <sys/stat.h>
| #endif
| #ifdef STDC_HEADERS
| # include <stdlib.h>
| # include <stddef.h>
| #else
| # ifdef HAVE_STDLIB_H
| #  include <stdlib.h>
| # endif
| #endif
| #ifdef HAVE_STRING_H
| # if !defined STDC_HEADERS && defined HAVE_MEMORY_H
| #  include <memory.h>
| # endif
| # include <string.h>
| #endif
| #ifdef HAVE_STRINGS_H
| # include <strings.h>
| #endif
| #ifdef HAVE_INTTYPES_H
| # include <inttypes.h>
| #endif
| #ifdef HAVE_STDINT_H
| # include <stdint.h>
| #endif
| #ifdef HAVE_UNISTD_H
| # include <unistd.h>
| #endif
| int
| main ()
| {
| if (sizeof ((_Bool)))
| 	    return 0;
|   ;
|   return 0;
| }
configure:4663: result: yes
configure:4680: checking for uid_t in sys/types.h
configure:4699: result: yes
configure:4710: checking for off_t
configure:4710: gcc -c -g -O2  conftest.c >&5
configure:4710: $? = 0
configure:4710: gcc -c -g -O2  conftest.c >&5
conftest.c: In function 'main':
conftest.c:65:20: error: expected expression before ')' token
 if (sizeof ((off_t)))
                    ^
configure:4710: $? = 1
configure: failed program was:
| /* confdefs.h */
| #define PACKAGE_NAME "cifs-utils"
| #define PACKAGE_TARNAME "cifs-utils"
| #define PACKAGE_VERSION "6.6"
| #define PACKAGE_STRING "cifs-utils 6.6"
| #define PACKAGE_BUGREPORT "linux-cifs@vger.kernel.org"
| #define PACKAGE_URL "https://wiki.samba.org/index.php/LinuxCIFS_utils"
| #define PACKAGE "cifs-utils"
| #define VERSION "6.6"
| #define IDMAP_PLUGIN_PATH "/etc/cifs-utils/idmap-plugin"
| #define STDC_HEADERS 1
| #define HAVE_SYS_TYPES_H 1
| #define HAVE_SYS_STAT_H 1
| #define HAVE_STDLIB_H 1
| #define HAVE_STRING_H 1
| #define HAVE_MEMORY_H 1
| #define HAVE_STRINGS_H 1
| #define HAVE_INTTYPES_H 1
| #define HAVE_STDINT_H 1
| #define HAVE_UNISTD_H 1
| #define __EXTENSIONS__ 1
| #define _ALL_SOURCE 1
| #define _GNU_SOURCE 1
| #define _POSIX_PTHREAD_SEMANTICS 1
| #define _TANDEM_SOURCE 1
| #define HAVE__BOOL 1
| #define HAVE_STDBOOL_H 1
| /* end confdefs.h.  */
| #include <stdio.h>
| #ifdef HAVE_SYS_TYPES_H
| # include <sys/types.h>
| #endif
| #ifdef HAVE_SYS_STAT_H
| # include <sys/stat.h>
| #endif
| #ifdef STDC_HEADERS
| # include <stdlib.h>
| # include <stddef.h>
| #else
| # ifdef HAVE_STDLIB_H
| #  include <stdlib.h>
| # endif
| #endif
| #ifdef HAVE_STRING_H
| # if !defined STDC_HEADERS && defined HAVE_MEMORY_H
| #  include <memory.h>
| # endif
| # include <string.h>
| #endif
| #ifdef HAVE_STRINGS_H
| # include <strings.h>
| #endif
| #ifdef HAVE_INTTYPES_H
| # include <inttypes.h>
| #endif
| #ifdef HAVE_STDINT_H
| # include <stdint.h>
| #endif
| #ifdef HAVE_UNISTD_H
| # include <unistd.h>
| #endif
| int
| main ()
| {
| if (sizeof ((off_t)))
| 	    return 0;
|   ;
|   return 0;
| }
configure:4710: result: yes
configure:4721: checking for pid_t
configure:4721: gcc -c -g -O2  conftest.c >&5
configure:4721: $? = 0
configure:4721: gcc -c -g -O2  conftest.c >&5
conftest.c: In function 'main':
conftest.c:65:20: error: expected expression before ')' token
 if (sizeof ((pid_t)))
                    ^
configure:4721: $? = 1
configure: failed program was:
| /* confdefs.h */
| #define PACKAGE_NAME "cifs-utils"
| #define PACKAGE_TARNAME "cifs-utils"
| #define PACKAGE_VERSION "6.6"
| #define PACKAGE_STRING "cifs-utils 6.6"
| #define PACKAGE_BUGREPORT "linux-cifs@vger.kernel.org"
| #define PACKAGE_URL "https://wiki.samba.org/index.php/LinuxCIFS_utils"
| #define PACKAGE "cifs-utils"
| #define VERSION "6.6"
| #define IDMAP_PLUGIN_PATH "/etc/cifs-utils/idmap-plugin"
| #define STDC_HEADERS 1
| #define HAVE_SYS_TYPES_H 1
| #define HAVE_SYS_STAT_H 1
| #define HAVE_STDLIB_H 1
| #define HAVE_STRING_H 1
| #define HAVE_MEMORY_H 1
| #define HAVE_STRINGS_H 1
| #define HAVE_INTTYPES_H 1
| #define HAVE_STDINT_H 1
| #define HAVE_UNISTD_H 1
| #define __EXTENSIONS__ 1
| #define _ALL_SOURCE 1
| #define _GNU_SOURCE 1
| #define _POSIX_PTHREAD_SEMANTICS 1
| #define _TANDEM_SOURCE 1
| #define HAVE__BOOL 1
| #define HAVE_STDBOOL_H 1
| /* end confdefs.h.  */
| #include <stdio.h>
| #ifdef HAVE_SYS_TYPES_H
| # include <sys/types.h>
| #endif
| #ifdef HAVE_SYS_STAT_H
| # include <sys/stat.h>
| #endif
| #ifdef STDC_HEADERS
| # include <stdlib.h>
| # include <stddef.h>
| #else
| # ifdef HAVE_STDLIB_H
| #  include <stdlib.h>
| # endif
| #endif
| #ifdef HAVE_STRING_H
| # if !defined STDC_HEADERS && defined HAVE_MEMORY_H
| #  include <memory.h>
| # endif
| # include <string.h>
| #endif
| #ifdef HAVE_STRINGS_H
| # include <strings.h>
| #endif
| #ifdef HAVE_INTTYPES_H
| # include <inttypes.h>
| #endif
| #ifdef HAVE_STDINT_H
| # include <stdint.h>
| #endif
| #ifdef HAVE_UNISTD_H
| # include <unistd.h>
| #endif
| int
| main ()
| {
| if (sizeof ((pid_t)))
| 	    return 0;
|   ;
|   return 0;
| }
configure:4721: result: yes
configure:4732: checking for size_t
configure:4732: gcc -c -g -O2  conftest.c >&5
configure:4732: $? = 0
configure:4732: gcc -c -g -O2  conftest.c >&5
conftest.c: In function 'main':
conftest.c:65:21: error: expected expression before ')' token
 if (sizeof ((size_t)))
                     ^
configure:4732: $? = 1
configure: failed program was:
| /* confdefs.h */
| #define PACKAGE_NAME "cifs-utils"
| #define PACKAGE_TARNAME "cifs-utils"
| #define PACKAGE_VERSION "6.6"
| #define PACKAGE_STRING "cifs-utils 6.6"
| #define PACKAGE_BUGREPORT "linux-cifs@vger.kernel.org"
| #define PACKAGE_URL "https://wiki.samba.org/index.php/LinuxCIFS_utils"
| #define PACKAGE "cifs-utils"
| #define VERSION "6.6"
| #define IDMAP_PLUGIN_PATH "/etc/cifs-utils/idmap-plugin"
| #define STDC_HEADERS 1
| #define HAVE_SYS_TYPES_H 1
| #define HAVE_SYS_STAT_H 1
| #define HAVE_STDLIB_H 1
| #define HAVE_STRING_H 1
| #define HAVE_MEMORY_H 1
| #define HAVE_STRINGS_H 1
| #define HAVE_INTTYPES_H 1
| #define HAVE_STDINT_H 1
| #define HAVE_UNISTD_H 1
| #define __EXTENSIONS__ 1
| #define _ALL_SOURCE 1
| #define _GNU_SOURCE 1
| #define _POSIX_PTHREAD_SEMANTICS 1
| #define _TANDEM_SOURCE 1
| #define HAVE__BOOL 1
| #define HAVE_STDBOOL_H 1
| /* end confdefs.h.  */
| #include <stdio.h>
| #ifdef HAVE_SYS_TYPES_H
| # include <sys/types.h>
| #endif
| #ifdef HAVE_SYS_STAT_H
| # include <sys/stat.h>
| #endif
| #ifdef STDC_HEADERS
| # include <stdlib.h>
| # include <stddef.h>
| #else
| # ifdef HAVE_STDLIB_H
| #  include <stdlib.h>
| # endif
| #endif
| #ifdef HAVE_STRING_H
| # if !defined STDC_HEADERS && defined HAVE_MEMORY_H
| #  include <memory.h>
| # endif
| # include <string.h>
| #endif
| #ifdef HAVE_STRINGS_H
| # include <strings.h>
| #endif
| #ifdef HAVE_INTTYPES_H
| # include <inttypes.h>
| #endif
| #ifdef HAVE_STDINT_H
| # include <stdint.h>
| #endif
| #ifdef HAVE_UNISTD_H
| # include <unistd.h>
| #endif
| int
| main ()
| {
| if (sizeof ((size_t)))
| 	    return 0;
|   ;
|   return 0;
| }
configure:4732: result: yes
configure:4743: checking for ptrdiff_t
configure:4743: gcc -c -g -O2  conftest.c >&5
configure:4743: $? = 0
configure:4743: gcc -c -g -O2  conftest.c >&5
conftest.c: In function 'main':
conftest.c:65:24: error: expected expression before ')' token
 if (sizeof ((ptrdiff_t)))
                        ^
configure:4743: $? = 1
configure: failed program was:
| /* confdefs.h */
| #define PACKAGE_NAME "cifs-utils"
| #define PACKAGE_TARNAME "cifs-utils"
| #define PACKAGE_VERSION "6.6"
| #define PACKAGE_STRING "cifs-utils 6.6"
| #define PACKAGE_BUGREPORT "linux-cifs@vger.kernel.org"
| #define PACKAGE_URL "https://wiki.samba.org/index.php/LinuxCIFS_utils"
| #define PACKAGE "cifs-utils"
| #define VERSION "6.6"
| #define IDMAP_PLUGIN_PATH "/etc/cifs-utils/idmap-plugin"
| #define STDC_HEADERS 1
| #define HAVE_SYS_TYPES_H 1
| #define HAVE_SYS_STAT_H 1
| #define HAVE_STDLIB_H 1
| #define HAVE_STRING_H 1
| #define HAVE_MEMORY_H 1
| #define HAVE_STRINGS_H 1
| #define HAVE_INTTYPES_H 1
| #define HAVE_STDINT_H 1
| #define HAVE_UNISTD_H 1
| #define __EXTENSIONS__ 1
| #define _ALL_SOURCE 1
| #define _GNU_SOURCE 1
| #define _POSIX_PTHREAD_SEMANTICS 1
| #define _TANDEM_SOURCE 1
| #define HAVE__BOOL 1
| #define HAVE_STDBOOL_H 1
| /* end confdefs.h.  */
| #include <stdio.h>
| #ifdef HAVE_SYS_TYPES_H
| # include <sys/types.h>
| #endif
| #ifdef HAVE_SYS_STAT_H
| # include <sys/stat.h>
| #endif
| #ifdef STDC_HEADERS
| # include <stdlib.h>
| # include <stddef.h>
| #else
| # ifdef HAVE_STDLIB_H
| #  include <stdlib.h>
| # endif
| #endif
| #ifdef HAVE_STRING_H
| # if !defined STDC_HEADERS && defined HAVE_MEMORY_H
| #  include <memory.h>
| # endif
| # include <string.h>
| #endif
| #ifdef HAVE_STRINGS_H
| # include <strings.h>
| #endif
| #ifdef HAVE_INTTYPES_H
| # include <inttypes.h>
| #endif
| #ifdef HAVE_STDINT_H
| # include <stdint.h>
| #endif
| #ifdef HAVE_UNISTD_H
| # include <unistd.h>
| #endif
| int
| main ()
| {
| if (sizeof ((ptrdiff_t)))
| 	    return 0;
|   ;
|   return 0;
| }
configure:4743: result: yes
configure:4752: checking for ssize_t
configure:4752: gcc -c -g -O2  conftest.c >&5
configure:4752: $? = 0
configure:4752: gcc -c -g -O2  conftest.c >&5
conftest.c: In function 'main':
conftest.c:66:22: error: expected expression before ')' token
 if (sizeof ((ssize_t)))
                      ^
configure:4752: $? = 1
configure: failed program was:
| /* confdefs.h */
| #define PACKAGE_NAME "cifs-utils"
| #define PACKAGE_TARNAME "cifs-utils"
| #define PACKAGE_VERSION "6.6"
| #define PACKAGE_STRING "cifs-utils 6.6"
| #define PACKAGE_BUGREPORT "linux-cifs@vger.kernel.org"
| #define PACKAGE_URL "https://wiki.samba.org/index.php/LinuxCIFS_utils"
| #define PACKAGE "cifs-utils"
| #define VERSION "6.6"
| #define IDMAP_PLUGIN_PATH "/etc/cifs-utils/idmap-plugin"
| #define STDC_HEADERS 1
| #define HAVE_SYS_TYPES_H 1
| #define HAVE_SYS_STAT_H 1
| #define HAVE_STDLIB_H 1
| #define HAVE_STRING_H 1
| #define HAVE_MEMORY_H 1
| #define HAVE_STRINGS_H 1
| #define HAVE_INTTYPES_H 1
| #define HAVE_STDINT_H 1
| #define HAVE_UNISTD_H 1
| #define __EXTENSIONS__ 1
| #define _ALL_SOURCE 1
| #define _GNU_SOURCE 1
| #define _POSIX_PTHREAD_SEMANTICS 1
| #define _TANDEM_SOURCE 1
| #define HAVE__BOOL 1
| #define HAVE_STDBOOL_H 1
| #define HAVE_PTRDIFF_T 1
| /* end confdefs.h.  */
| #include <stdio.h>
| #ifdef HAVE_SYS_TYPES_H
| # include <sys/types.h>
| #endif
| #ifdef HAVE_SYS_STAT_H
| # include <sys/stat.h>
| #endif
| #ifdef STDC_HEADERS
| # include <stdlib.h>
| # include <stddef.h>
| #else
| # ifdef HAVE_STDLIB_H
| #  include <stdlib.h>
| # endif
| #endif
| #ifdef HAVE_STRING_H
| # if !defined STDC_HEADERS && defined HAVE_MEMORY_H
| #  include <memory.h>
| # endif
| # include <string.h>
| #endif
| #ifdef HAVE_STRINGS_H
| # include <strings.h>
| #endif
| #ifdef HAVE_INTTYPES_H
| # include <inttypes.h>
| #endif
| #ifdef HAVE_STDINT_H
| # include <stdint.h>
| #endif
| #ifdef HAVE_UNISTD_H
| # include <unistd.h>
| #endif
| int
| main ()
| {
| if (sizeof ((ssize_t)))
| 	    return 0;
|   ;
|   return 0;
| }
configure:4752: result: yes
configure:4761: checking for uint32_t
configure:4761: gcc -c -g -O2  conftest.c >&5
configure:4761: $? = 0
configure:4761: gcc -c -g -O2  conftest.c >&5
conftest.c: In function 'main':
conftest.c:67:23: error: expected expression before ')' token
 if (sizeof ((uint32_t)))
                       ^
configure:4761: $? = 1
configure: failed program was:
| /* confdefs.h */
| #define PACKAGE_NAME "cifs-utils"
| #define PACKAGE_TARNAME "cifs-utils"
| #define PACKAGE_VERSION "6.6"
| #define PACKAGE_STRING "cifs-utils 6.6"
| #define PACKAGE_BUGREPORT "linux-cifs@vger.kernel.org"
| #define PACKAGE_URL "https://wiki.samba.org/index.php/LinuxCIFS_utils"
| #define PACKAGE "cifs-utils"
| #define VERSION "6.6"
| #define IDMAP_PLUGIN_PATH "/etc/cifs-utils/idmap-plugin"
| #define STDC_HEADERS 1
| #define HAVE_SYS_TYPES_H 1
| #define HAVE_SYS_STAT_H 1
| #define HAVE_STDLIB_H 1
| #define HAVE_STRING_H 1
| #define HAVE_MEMORY_H 1
| #define HAVE_STRINGS_H 1
| #define HAVE_INTTYPES_H 1
| #define HAVE_STDINT_H 1
| #define HAVE_UNISTD_H 1
| #define __EXTENSIONS__ 1
| #define _ALL_SOURCE 1
| #define _GNU_SOURCE 1
| #define _POSIX_PTHREAD_SEMANTICS 1
| #define _TANDEM_SOURCE 1
| #define HAVE__BOOL 1
| #define HAVE_STDBOOL_H 1
| #define HAVE_PTRDIFF_T 1
| #define HAVE_SSIZE_T 1
| /* end confdefs.h.  */
| #include <stdio.h>
| #ifdef HAVE_SYS_TYPES_H
| # include <sys/types.h>
| #endif
| #ifdef HAVE_SYS_STAT_H
| # include <sys/stat.h>
| #endif
| #ifdef STDC_HEADERS
| # include <stdlib.h>
| # include <stddef.h>
| #else
| # ifdef HAVE_STDLIB_H
| #  include <stdlib.h>
| # endif
| #endif
| #ifdef HAVE_STRING_H
| # if !defined STDC_HEADERS && defined HAVE_MEMORY_H
| #  include <memory.h>
| # endif
| # include <string.h>
| #endif
| #ifdef HAVE_STRINGS_H
| # include <strings.h>
| #endif
| #ifdef HAVE_INTTYPES_H
| # include <inttypes.h>
| #endif
| #ifdef HAVE_STDINT_H
| # include <stdint.h>
| #endif
| #ifdef HAVE_UNISTD_H
| # include <unistd.h>
| #endif
| int
| main ()
| {
| if (sizeof ((uint32_t)))
| 	    return 0;
|   ;
|   return 0;
| }
configure:4761: result: yes
configure:4770: checking for uint8_t
configure:4770: gcc -c -g -O2  conftest.c >&5
configure:4770: $? = 0
configure:4770: gcc -c -g -O2  conftest.c >&5
conftest.c: In function 'main':
conftest.c:68:22: error: expected expression before ')' token
 if (sizeof ((uint8_t)))
                      ^
configure:4770: $? = 1
configure: failed program was:
| /* confdefs.h */
| #define PACKAGE_NAME "cifs-utils"
| #define PACKAGE_TARNAME "cifs-utils"
| #define PACKAGE_VERSION "6.6"
| #define PACKAGE_STRING "cifs-utils 6.6"
| #define PACKAGE_BUGREPORT "linux-cifs@vger.kernel.org"
| #define PACKAGE_URL "https://wiki.samba.org/index.php/LinuxCIFS_utils"
| #define PACKAGE "cifs-utils"
| #define VERSION "6.6"
| #define IDMAP_PLUGIN_PATH "/etc/cifs-utils/idmap-plugin"
| #define STDC_HEADERS 1
| #define HAVE_SYS_TYPES_H 1
| #define HAVE_SYS_STAT_H 1
| #define HAVE_STDLIB_H 1
| #define HAVE_STRING_H 1
| #define HAVE_MEMORY_H 1
| #define HAVE_STRINGS_H 1
| #define HAVE_INTTYPES_H 1
| #define HAVE_STDINT_H 1
| #define HAVE_UNISTD_H 1
| #define __EXTENSIONS__ 1
| #define _ALL_SOURCE 1
| #define _GNU_SOURCE 1
| #define _POSIX_PTHREAD_SEMANTICS 1
| #define _TANDEM_SOURCE 1
| #define HAVE__BOOL 1
| #define HAVE_STDBOOL_H 1
| #define HAVE_PTRDIFF_T 1
| #define HAVE_SSIZE_T 1
| #define HAVE_UINT32_T 1
| /* end confdefs.h.  */
| #include <stdio.h>
| #ifdef HAVE_SYS_TYPES_H
| # include <sys/types.h>
| #endif
| #ifdef HAVE_SYS_STAT_H
| # include <sys/stat.h>
| #endif
| #ifdef STDC_HEADERS
| # include <stdlib.h>
| # include <stddef.h>
| #else
| # ifdef HAVE_STDLIB_H
| #  include <stdlib.h>
| # endif
| #endif
| #ifdef HAVE_STRING_H
| # if !defined STDC_HEADERS && defined HAVE_MEMORY_H
| #  include <memory.h>
| # endif
| # include <string.h>
| #endif
| #ifdef HAVE_STRINGS_H
| # include <strings.h>
| #endif
| #ifdef HAVE_INTTYPES_H
| # include <inttypes.h>
| #endif
| #ifdef HAVE_STDINT_H
| # include <stdint.h>
| #endif
| #ifdef HAVE_UNISTD_H
| # include <unistd.h>
| #endif
| int
| main ()
| {
| if (sizeof ((uint8_t)))
| 	    return 0;
|   ;
|   return 0;
| }
configure:4770: result: yes
configure:4784: checking for library containing getmntent
configure:4815: gcc -o conftest -g -O2   conftest.c  >&5
configure:4815: $? = 0
configure:4832: result: none required
configure:4846: checking whether lstat correctly handles trailing slash
configure:4872: gcc -o conftest -g -O2   conftest.c  >&5
configure:4872: $? = 0
configure:4872: ./conftest
configure:4872: $? = 0
configure:4889: result: yes
configure:4910: checking for stdlib.h
configure:4910: result: yes
configure:4920: checking for GNU libc compatible malloc
configure:4944: gcc -o conftest -g -O2   conftest.c  >&5
configure:4944: $? = 0
configure:4944: ./conftest
configure:4944: $? = 0
configure:4954: result: yes
configure:4977: checking for stdlib.h
configure:4977: result: yes
configure:4987: checking for GNU libc compatible realloc
configure:5011: gcc -o conftest -g -O2   conftest.c  >&5
configure:5011: $? = 0
configure:5011: ./conftest
configure:5011: $? = 0
configure:5021: result: yes
configure:5046: checking build system type
configure:5060: result: aarch64-unknown-linux-gnu
configure:5080: checking host system type
configure:5093: result: aarch64-unknown-linux-gnu
configure:5113: checking for working strnlen
configure:5151: gcc -o conftest -g -O2   conftest.c  >&5
configure:5151: $? = 0
configure:5151: ./conftest
configure:5151: $? = 0
configure:5161: result: yes
configure:5175: checking for alarm
configure:5175: gcc -o conftest -g -O2   conftest.c  >&5
configure:5175: $? = 0
configure:5175: result: yes
configure:5175: checking for atexit
configure:5175: gcc -o conftest -g -O2   conftest.c  >&5
configure:5175: $? = 0
configure:5175: result: yes
configure:5175: checking for endpwent
configure:5175: gcc -o conftest -g -O2   conftest.c  >&5
configure:5175: $? = 0
configure:5175: result: yes
configure:5175: checking for getmntent
configure:5175: result: yes
configure:5175: checking for getpass
configure:5175: gcc -o conftest -g -O2   conftest.c  >&5
configure:5175: $? = 0
configure:5175: result: yes
configure:5175: checking for gettimeofday
configure:5175: gcc -o conftest -g -O2   conftest.c  >&5
configure:5175: $? = 0
configure:5175: result: yes
configure:5175: checking for inet_ntop
configure:5175: gcc -o conftest -g -O2   conftest.c  >&5
configure:5175: $? = 0
configure:5175: result: yes
configure:5175: checking for memset
configure:5175: gcc -o conftest -g -O2   conftest.c  >&5
conftest.c:69:6: warning: conflicting types for built-in function 'memset' [-Wbuiltin-declaration-mismatch]
 char memset ();
      ^~~~~~
configure:5175: $? = 0
configure:5175: result: yes
configure:5175: checking for realpath
configure:5175: gcc -o conftest -g -O2   conftest.c  >&5
configure:5175: $? = 0
configure:5175: result: yes
configure:5175: checking for setenv
configure:5175: gcc -o conftest -g -O2   conftest.c  >&5
configure:5175: $? = 0
configure:5175: result: yes
configure:5175: checking for strchr
configure:5175: gcc -o conftest -g -O2   conftest.c  >&5
conftest.c:72:6: warning: conflicting types for built-in function 'strchr' [-Wbuiltin-declaration-mismatch]
 char strchr ();
      ^~~~~~
configure:5175: $? = 0
configure:5175: result: yes
configure:5175: checking for strcmp
configure:5175: gcc -o conftest -g -O2   conftest.c  >&5
conftest.c:73:6: warning: conflicting types for built-in function 'strcmp' [-Wbuiltin-declaration-mismatch]
 char strcmp ();
      ^~~~~~
configure:5175: $? = 0
configure:5175: result: yes
configure:5175: checking for strdup
configure:5175: gcc -o conftest -g -O2   conftest.c  >&5
conftest.c:74:6: warning: conflicting types for built-in function 'strdup' [-Wbuiltin-declaration-mismatch]
 char strdup ();
      ^~~~~~
configure:5175: $? = 0
configure:5175: result: yes
configure:5175: checking for strerror
configure:5175: gcc -o conftest -g -O2   conftest.c  >&5
configure:5175: $? = 0
configure:5175: result: yes
configure:5175: checking for strncasecmp
configure:5175: gcc -o conftest -g -O2   conftest.c  >&5
conftest.c:76:6: warning: conflicting types for built-in function 'strncasecmp' [-Wbuiltin-declaration-mismatch]
 char strncasecmp ();
      ^~~~~~~~~~~
configure:5175: $? = 0
configure:5175: result: yes
configure:5175: checking for strndup
configure:5175: gcc -o conftest -g -O2   conftest.c  >&5
conftest.c:77:6: warning: conflicting types for built-in function 'strndup' [-Wbuiltin-declaration-mismatch]
 char strndup ();
      ^~~~~~~
configure:5175: $? = 0
configure:5175: result: yes
configure:5175: checking for strpbrk
configure:5175: gcc -o conftest -g -O2   conftest.c  >&5
conftest.c:78:6: warning: conflicting types for built-in function 'strpbrk' [-Wbuiltin-declaration-mismatch]
 char strpbrk ();
      ^~~~~~~
configure:5175: $? = 0
configure:5175: result: yes
configure:5175: checking for strrchr
configure:5175: gcc -o conftest -g -O2   conftest.c  >&5
conftest.c:79:6: warning: conflicting types for built-in function 'strrchr' [-Wbuiltin-declaration-mismatch]
 char strrchr ();
      ^~~~~~~
configure:5175: $? = 0
configure:5175: result: yes
configure:5175: checking for strstr
configure:5175: gcc -o conftest -g -O2   conftest.c  >&5
conftest.c:80:6: warning: conflicting types for built-in function 'strstr' [-Wbuiltin-declaration-mismatch]
 char strstr ();
      ^~~~~~
configure:5175: $? = 0
configure:5175: result: yes
configure:5175: checking for strtol
configure:5175: gcc -o conftest -g -O2   conftest.c  >&5
configure:5175: $? = 0
configure:5175: result: yes
configure:5175: checking for strtoul
configure:5175: gcc -o conftest -g -O2   conftest.c  >&5
configure:5175: $? = 0
configure:5175: result: yes
configure:5175: checking for tolower
configure:5175: gcc -o conftest -g -O2   conftest.c  >&5
conftest.c:83:6: warning: conflicting types for built-in function 'tolower' [-Wbuiltin-declaration-mismatch]
 char tolower ();
      ^~~~~~~
configure:5175: $? = 0
configure:5175: result: yes
configure:5175: checking for uname
configure:5175: gcc -o conftest -g -O2   conftest.c  >&5
configure:5175: $? = 0
configure:5175: result: yes
configure:5189: checking for clock_gettime
configure:5189: gcc -o conftest -g -O2   conftest.c  >&5
configure:5189: $? = 0
configure:5189: result: yes
configure:5254: checking arpa/inet.h usability
configure:5254: gcc -c -g -O2  conftest.c >&5
configure:5254: $? = 0
configure:5254: result: yes
configure:5254: checking arpa/inet.h presence
configure:5254: gcc -E  conftest.c
configure:5254: $? = 0
configure:5254: result: yes
configure:5254: checking for arpa/inet.h
configure:5254: result: yes
configure:5254: checking ctype.h usability
configure:5254: gcc -c -g -O2  conftest.c >&5
configure:5254: $? = 0
configure:5254: result: yes
configure:5254: checking ctype.h presence
configure:5254: gcc -E  conftest.c
configure:5254: $? = 0
configure:5254: result: yes
configure:5254: checking for ctype.h
configure:5254: result: yes
configure:5254: checking fcntl.h usability
configure:5254: gcc -c -g -O2  conftest.c >&5
configure:5254: $? = 0
configure:5254: result: yes
configure:5254: checking fcntl.h presence
configure:5254: gcc -E  conftest.c
configure:5254: $? = 0
configure:5254: result: yes
configure:5254: checking for fcntl.h
configure:5254: result: yes
configure:5254: checking for inttypes.h
configure:5254: result: yes
configure:5254: checking limits.h usability
configure:5254: gcc -c -g -O2  conftest.c >&5
configure:5254: $? = 0
configure:5254: result: yes
configure:5254: checking limits.h presence
configure:5254: gcc -E  conftest.c
configure:5254: $? = 0
configure:5254: result: yes
configure:5254: checking for limits.h
configure:5254: result: yes
configure:5254: checking mntent.h usability
configure:5254: gcc -c -g -O2  conftest.c >&5
configure:5254: $? = 0
configure:5254: result: yes
configure:5254: checking mntent.h presence
configure:5254: gcc -E  conftest.c
configure:5254: $? = 0
configure:5254: result: yes
configure:5254: checking for mntent.h
configure:5254: result: yes
configure:5254: checking netdb.h usability
configure:5254: gcc -c -g -O2  conftest.c >&5
configure:5254: $? = 0
configure:5254: result: yes
configure:5254: checking netdb.h presence
configure:5254: gcc -E  conftest.c
configure:5254: $? = 0
configure:5254: result: yes
configure:5254: checking for netdb.h
configure:5254: result: yes
configure:5254: checking stddef.h usability
configure:5254: gcc -c -g -O2  conftest.c >&5
configure:5254: $? = 0
configure:5254: result: yes
configure:5254: checking stddef.h presence
configure:5254: gcc -E  conftest.c
configure:5254: $? = 0
configure:5254: result: yes
configure:5254: checking for stddef.h
configure:5254: result: yes
configure:5254: checking for stdint.h
configure:5254: result: yes
configure:5254: checking for stdbool.h
configure:5254: result: yes
configure:5254: checking for stdlib.h
configure:5254: result: yes
configure:5254: checking stdio.h usability
configure:5254: gcc -c -g -O2  conftest.c >&5
configure:5254: $? = 0
configure:5254: result: yes
configure:5254: checking stdio.h presence
configure:5254: gcc -E  conftest.c
configure:5254: $? = 0
configure:5254: result: yes
configure:5254: checking for stdio.h
configure:5254: result: yes
configure:5254: checking errno.h usability
configure:5254: gcc -c -g -O2  conftest.c >&5
configure:5254: $? = 0
configure:5254: result: yes
configure:5254: checking errno.h presence
configure:5254: gcc -E  conftest.c
configure:5254: $? = 0
configure:5254: result: yes
configure:5254: checking for errno.h
configure:5254: result: yes
configure:5254: checking for string.h
configure:5254: result: yes
configure:5254: checking for strings.h
configure:5254: result: yes
configure:5254: checking sys/mount.h usability
configure:5254: gcc -c -g -O2  conftest.c >&5
configure:5254: $? = 0
configure:5254: result: yes
configure:5254: checking sys/mount.h presence
configure:5254: gcc -E  conftest.c
configure:5254: $? = 0
configure:5254: result: yes
configure:5254: checking for sys/mount.h
configure:5254: result: yes
configure:5254: checking sys/param.h usability
configure:5254: gcc -c -g -O2  conftest.c >&5
configure:5254: $? = 0
configure:5254: result: yes
configure:5254: checking sys/param.h presence
configure:5254: gcc -E  conftest.c
configure:5254: $? = 0
configure:5254: result: yes
configure:5254: checking for sys/param.h
configure:5254: result: yes
configure:5254: checking sys/socket.h usability
configure:5254: gcc -c -g -O2  conftest.c >&5
configure:5254: $? = 0
configure:5254: result: yes
configure:5254: checking sys/socket.h presence
configure:5254: gcc -E  conftest.c
configure:5254: $? = 0
configure:5254: result: yes
configure:5254: checking for sys/socket.h
configure:5254: result: yes
configure:5254: checking sys/time.h usability
configure:5254: gcc -c -g -O2  conftest.c >&5
configure:5254: $? = 0
configure:5254: result: yes
configure:5254: checking sys/time.h presence
configure:5254: gcc -E  conftest.c
configure:5254: $? = 0
configure:5254: result: yes
configure:5254: checking for sys/time.h
configure:5254: result: yes
configure:5254: checking syslog.h usability
configure:5254: gcc -c -g -O2  conftest.c >&5
configure:5254: $? = 0
configure:5254: result: yes
configure:5254: checking syslog.h presence
configure:5254: gcc -E  conftest.c
configure:5254: $? = 0
configure:5254: result: yes
configure:5254: checking for syslog.h
configure:5254: result: yes
configure:5254: checking for unistd.h
configure:5254: result: yes
configure:5270: checking sys/fsuid.h usability
configure:5270: gcc -c -g -O2  conftest.c >&5
configure:5270: $? = 0
configure:5270: result: yes
configure:5270: checking sys/fsuid.h presence
configure:5270: gcc -E  conftest.c
configure:5270: $? = 0
configure:5270: result: yes
configure:5270: checking for sys/fsuid.h
configure:5270: result: yes
configure:5280: checking for setfsuid
configure:5280: gcc -o conftest -g -O2   conftest.c  >&5
configure:5280: $? = 0
configure:5280: result: yes
configure:5307: checking krb5.h usability
configure:5307: gcc -c -g -O2  conftest.c >&5
conftest.c:118:10: fatal error: krb5.h: No such file or directory
 #include <krb5.h>
          ^~~~~~~~
compilation terminated.
configure:5307: $? = 1
configure: failed program was:
| /* confdefs.h */
| #define PACKAGE_NAME "cifs-utils"
| #define PACKAGE_TARNAME "cifs-utils"
| #define PACKAGE_VERSION "6.6"
| #define PACKAGE_STRING "cifs-utils 6.6"
| #define PACKAGE_BUGREPORT "linux-cifs@vger.kernel.org"
| #define PACKAGE_URL "https://wiki.samba.org/index.php/LinuxCIFS_utils"
| #define PACKAGE "cifs-utils"
| #define VERSION "6.6"
| #define IDMAP_PLUGIN_PATH "/etc/cifs-utils/idmap-plugin"
| #define STDC_HEADERS 1
| #define HAVE_SYS_TYPES_H 1
| #define HAVE_SYS_STAT_H 1
| #define HAVE_STDLIB_H 1
| #define HAVE_STRING_H 1
| #define HAVE_MEMORY_H 1
| #define HAVE_STRINGS_H 1
| #define HAVE_INTTYPES_H 1
| #define HAVE_STDINT_H 1
| #define HAVE_UNISTD_H 1
| #define __EXTENSIONS__ 1
| #define _ALL_SOURCE 1
| #define _GNU_SOURCE 1
| #define _POSIX_PTHREAD_SEMANTICS 1
| #define _TANDEM_SOURCE 1
| #define HAVE__BOOL 1
| #define HAVE_STDBOOL_H 1
| #define HAVE_PTRDIFF_T 1
| #define HAVE_SSIZE_T 1
| #define HAVE_UINT32_T 1
| #define HAVE_UINT8_T 1
| #define HAVE_GETMNTENT 1
| #define LSTAT_FOLLOWS_SLASHED_SYMLINK 1
| #define HAVE_STDLIB_H 1
| #define HAVE_MALLOC 1
| #define HAVE_STDLIB_H 1
| #define HAVE_REALLOC 1
| #define HAVE_ALARM 1
| #define HAVE_ATEXIT 1
| #define HAVE_ENDPWENT 1
| #define HAVE_GETMNTENT 1
| #define HAVE_GETPASS 1
| #define HAVE_GETTIMEOFDAY 1
| #define HAVE_INET_NTOP 1
| #define HAVE_MEMSET 1
| #define HAVE_REALPATH 1
| #define HAVE_SETENV 1
| #define HAVE_STRCHR 1
| #define HAVE_STRCMP 1
| #define HAVE_STRDUP 1
| #define HAVE_STRERROR 1
| #define HAVE_STRNCASECMP 1
| #define HAVE_STRNDUP 1
| #define HAVE_STRPBRK 1
| #define HAVE_STRRCHR 1
| #define HAVE_STRSTR 1
| #define HAVE_STRTOL 1
| #define HAVE_STRTOUL 1
| #define HAVE_TOLOWER 1
| #define HAVE_UNAME 1
| #define HAVE_CLOCK_GETTIME 1
| #define HAVE_ARPA_INET_H 1
| #define HAVE_CTYPE_H 1
| #define HAVE_FCNTL_H 1
| #define HAVE_INTTYPES_H 1
| #define HAVE_LIMITS_H 1
| #define HAVE_MNTENT_H 1
| #define HAVE_NETDB_H 1
| #define HAVE_STDDEF_H 1
| #define HAVE_STDINT_H 1
| #define HAVE_STDBOOL_H 1
| #define HAVE_STDLIB_H 1
| #define HAVE_STDIO_H 1
| #define HAVE_ERRNO_H 1
| #define HAVE_STRING_H 1
| #define HAVE_STRINGS_H 1
| #define HAVE_SYS_MOUNT_H 1
| #define HAVE_SYS_PARAM_H 1
| #define HAVE_SYS_SOCKET_H 1
| #define HAVE_SYS_TIME_H 1
| #define HAVE_SYSLOG_H 1
| #define HAVE_UNISTD_H 1
| #define HAVE_SYS_FSUID_H 1
| /* end confdefs.h.  */
| #include <stdio.h>
| #ifdef HAVE_SYS_TYPES_H
| # include <sys/types.h>
| #endif
| #ifdef HAVE_SYS_STAT_H
| # include <sys/stat.h>
| #endif
| #ifdef STDC_HEADERS
| # include <stdlib.h>
| # include <stddef.h>
| #else
| # ifdef HAVE_STDLIB_H
| #  include <stdlib.h>
| # endif
| #endif
| #ifdef HAVE_STRING_H
| # if !defined STDC_HEADERS && defined HAVE_MEMORY_H
| #  include <memory.h>
| # endif
| # include <string.h>
| #endif
| #ifdef HAVE_STRINGS_H
| # include <strings.h>
| #endif
| #ifdef HAVE_INTTYPES_H
| # include <inttypes.h>
| #endif
| #ifdef HAVE_STDINT_H
| # include <stdint.h>
| #endif
| #ifdef HAVE_UNISTD_H
| # include <unistd.h>
| #endif
| #include <krb5.h>
configure:5307: result: no
configure:5307: checking krb5.h presence
configure:5307: gcc -E  conftest.c
conftest.c:85:10: fatal error: krb5.h: No such file or directory
 #include <krb5.h>
          ^~~~~~~~
compilation terminated.
configure:5307: $? = 1
configure: failed program was:
| /* confdefs.h */
| #define PACKAGE_NAME "cifs-utils"
| #define PACKAGE_TARNAME "cifs-utils"
| #define PACKAGE_VERSION "6.6"
| #define PACKAGE_STRING "cifs-utils 6.6"
| #define PACKAGE_BUGREPORT "linux-cifs@vger.kernel.org"
| #define PACKAGE_URL "https://wiki.samba.org/index.php/LinuxCIFS_utils"
| #define PACKAGE "cifs-utils"
| #define VERSION "6.6"
| #define IDMAP_PLUGIN_PATH "/etc/cifs-utils/idmap-plugin"
| #define STDC_HEADERS 1
| #define HAVE_SYS_TYPES_H 1
| #define HAVE_SYS_STAT_H 1
| #define HAVE_STDLIB_H 1
| #define HAVE_STRING_H 1
| #define HAVE_MEMORY_H 1
| #define HAVE_STRINGS_H 1
| #define HAVE_INTTYPES_H 1
| #define HAVE_STDINT_H 1
| #define HAVE_UNISTD_H 1
| #define __EXTENSIONS__ 1
| #define _ALL_SOURCE 1
| #define _GNU_SOURCE 1
| #define _POSIX_PTHREAD_SEMANTICS 1
| #define _TANDEM_SOURCE 1
| #define HAVE__BOOL 1
| #define HAVE_STDBOOL_H 1
| #define HAVE_PTRDIFF_T 1
| #define HAVE_SSIZE_T 1
| #define HAVE_UINT32_T 1
| #define HAVE_UINT8_T 1
| #define HAVE_GETMNTENT 1
| #define LSTAT_FOLLOWS_SLASHED_SYMLINK 1
| #define HAVE_STDLIB_H 1
| #define HAVE_MALLOC 1
| #define HAVE_STDLIB_H 1
| #define HAVE_REALLOC 1
| #define HAVE_ALARM 1
| #define HAVE_ATEXIT 1
| #define HAVE_ENDPWENT 1
| #define HAVE_GETMNTENT 1
| #define HAVE_GETPASS 1
| #define HAVE_GETTIMEOFDAY 1
| #define HAVE_INET_NTOP 1
| #define HAVE_MEMSET 1
| #define HAVE_REALPATH 1
| #define HAVE_SETENV 1
| #define HAVE_STRCHR 1
| #define HAVE_STRCMP 1
| #define HAVE_STRDUP 1
| #define HAVE_STRERROR 1
| #define HAVE_STRNCASECMP 1
| #define HAVE_STRNDUP 1
| #define HAVE_STRPBRK 1
| #define HAVE_STRRCHR 1
| #define HAVE_STRSTR 1
| #define HAVE_STRTOL 1
| #define HAVE_STRTOUL 1
| #define HAVE_TOLOWER 1
| #define HAVE_UNAME 1
| #define HAVE_CLOCK_GETTIME 1
| #define HAVE_ARPA_INET_H 1
| #define HAVE_CTYPE_H 1
| #define HAVE_FCNTL_H 1
| #define HAVE_INTTYPES_H 1
| #define HAVE_LIMITS_H 1
| #define HAVE_MNTENT_H 1
| #define HAVE_NETDB_H 1
| #define HAVE_STDDEF_H 1
| #define HAVE_STDINT_H 1
| #define HAVE_STDBOOL_H 1
| #define HAVE_STDLIB_H 1
| #define HAVE_STDIO_H 1
| #define HAVE_ERRNO_H 1
| #define HAVE_STRING_H 1
| #define HAVE_STRINGS_H 1
| #define HAVE_SYS_MOUNT_H 1
| #define HAVE_SYS_PARAM_H 1
| #define HAVE_SYS_SOCKET_H 1
| #define HAVE_SYS_TIME_H 1
| #define HAVE_SYSLOG_H 1
| #define HAVE_UNISTD_H 1
| #define HAVE_SYS_FSUID_H 1
| /* end confdefs.h.  */
| #include <krb5.h>
configure:5307: result: no
configure:5307: checking for krb5.h
configure:5307: result: no
configure:5307: checking krb5/krb5.h usability
configure:5307: gcc -c -g -O2  conftest.c >&5
conftest.c:118:10: fatal error: krb5/krb5.h: No such file or directory
 #include <krb5/krb5.h>
          ^~~~~~~~~~~~~
compilation terminated.
configure:5307: $? = 1
configure: failed program was:
| /* confdefs.h */
| #define PACKAGE_NAME "cifs-utils"
| #define PACKAGE_TARNAME "cifs-utils"
| #define PACKAGE_VERSION "6.6"
| #define PACKAGE_STRING "cifs-utils 6.6"
| #define PACKAGE_BUGREPORT "linux-cifs@vger.kernel.org"
| #define PACKAGE_URL "https://wiki.samba.org/index.php/LinuxCIFS_utils"
| #define PACKAGE "cifs-utils"
| #define VERSION "6.6"
| #define IDMAP_PLUGIN_PATH "/etc/cifs-utils/idmap-plugin"
| #define STDC_HEADERS 1
| #define HAVE_SYS_TYPES_H 1
| #define HAVE_SYS_STAT_H 1
| #define HAVE_STDLIB_H 1
| #define HAVE_STRING_H 1
| #define HAVE_MEMORY_H 1
| #define HAVE_STRINGS_H 1
| #define HAVE_INTTYPES_H 1
| #define HAVE_STDINT_H 1
| #define HAVE_UNISTD_H 1
| #define __EXTENSIONS__ 1
| #define _ALL_SOURCE 1
| #define _GNU_SOURCE 1
| #define _POSIX_PTHREAD_SEMANTICS 1
| #define _TANDEM_SOURCE 1
| #define HAVE__BOOL 1
| #define HAVE_STDBOOL_H 1
| #define HAVE_PTRDIFF_T 1
| #define HAVE_SSIZE_T 1
| #define HAVE_UINT32_T 1
| #define HAVE_UINT8_T 1
| #define HAVE_GETMNTENT 1
| #define LSTAT_FOLLOWS_SLASHED_SYMLINK 1
| #define HAVE_STDLIB_H 1
| #define HAVE_MALLOC 1
| #define HAVE_STDLIB_H 1
| #define HAVE_REALLOC 1
| #define HAVE_ALARM 1
| #define HAVE_ATEXIT 1
| #define HAVE_ENDPWENT 1
| #define HAVE_GETMNTENT 1
| #define HAVE_GETPASS 1
| #define HAVE_GETTIMEOFDAY 1
| #define HAVE_INET_NTOP 1
| #define HAVE_MEMSET 1
| #define HAVE_REALPATH 1
| #define HAVE_SETENV 1
| #define HAVE_STRCHR 1
| #define HAVE_STRCMP 1
| #define HAVE_STRDUP 1
| #define HAVE_STRERROR 1
| #define HAVE_STRNCASECMP 1
| #define HAVE_STRNDUP 1
| #define HAVE_STRPBRK 1
| #define HAVE_STRRCHR 1
| #define HAVE_STRSTR 1
| #define HAVE_STRTOL 1
| #define HAVE_STRTOUL 1
| #define HAVE_TOLOWER 1
| #define HAVE_UNAME 1
| #define HAVE_CLOCK_GETTIME 1
| #define HAVE_ARPA_INET_H 1
| #define HAVE_CTYPE_H 1
| #define HAVE_FCNTL_H 1
| #define HAVE_INTTYPES_H 1
| #define HAVE_LIMITS_H 1
| #define HAVE_MNTENT_H 1
| #define HAVE_NETDB_H 1
| #define HAVE_STDDEF_H 1
| #define HAVE_STDINT_H 1
| #define HAVE_STDBOOL_H 1
| #define HAVE_STDLIB_H 1
| #define HAVE_STDIO_H 1
| #define HAVE_ERRNO_H 1
| #define HAVE_STRING_H 1
| #define HAVE_STRINGS_H 1
| #define HAVE_SYS_MOUNT_H 1
| #define HAVE_SYS_PARAM_H 1
| #define HAVE_SYS_SOCKET_H 1
| #define HAVE_SYS_TIME_H 1
| #define HAVE_SYSLOG_H 1
| #define HAVE_UNISTD_H 1
| #define HAVE_SYS_FSUID_H 1
| /* end confdefs.h.  */
| #include <stdio.h>
| #ifdef HAVE_SYS_TYPES_H
| # include <sys/types.h>
| #endif
| #ifdef HAVE_SYS_STAT_H
| # include <sys/stat.h>
| #endif
| #ifdef STDC_HEADERS
| # include <stdlib.h>
| # include <stddef.h>
| #else
| # ifdef HAVE_STDLIB_H
| #  include <stdlib.h>
| # endif
| #endif
| #ifdef HAVE_STRING_H
| # if !defined STDC_HEADERS && defined HAVE_MEMORY_H
| #  include <memory.h>
| # endif
| # include <string.h>
| #endif
| #ifdef HAVE_STRINGS_H
| # include <strings.h>
| #endif
| #ifdef HAVE_INTTYPES_H
| # include <inttypes.h>
| #endif
| #ifdef HAVE_STDINT_H
| # include <stdint.h>
| #endif
| #ifdef HAVE_UNISTD_H
| # include <unistd.h>
| #endif
| #include <krb5/krb5.h>
configure:5307: result: no
configure:5307: checking krb5/krb5.h presence
configure:5307: gcc -E  conftest.c
conftest.c:85:10: fatal error: krb5/krb5.h: No such file or directory
 #include <krb5/krb5.h>
          ^~~~~~~~~~~~~
compilation terminated.
configure:5307: $? = 1
configure: failed program was:
| /* confdefs.h */
| #define PACKAGE_NAME "cifs-utils"
| #define PACKAGE_TARNAME "cifs-utils"
| #define PACKAGE_VERSION "6.6"
| #define PACKAGE_STRING "cifs-utils 6.6"
| #define PACKAGE_BUGREPORT "linux-cifs@vger.kernel.org"
| #define PACKAGE_URL "https://wiki.samba.org/index.php/LinuxCIFS_utils"
| #define PACKAGE "cifs-utils"
| #define VERSION "6.6"
| #define IDMAP_PLUGIN_PATH "/etc/cifs-utils/idmap-plugin"
| #define STDC_HEADERS 1
| #define HAVE_SYS_TYPES_H 1
| #define HAVE_SYS_STAT_H 1
| #define HAVE_STDLIB_H 1
| #define HAVE_STRING_H 1
| #define HAVE_MEMORY_H 1
| #define HAVE_STRINGS_H 1
| #define HAVE_INTTYPES_H 1
| #define HAVE_STDINT_H 1
| #define HAVE_UNISTD_H 1
| #define __EXTENSIONS__ 1
| #define _ALL_SOURCE 1
| #define _GNU_SOURCE 1
| #define _POSIX_PTHREAD_SEMANTICS 1
| #define _TANDEM_SOURCE 1
| #define HAVE__BOOL 1
| #define HAVE_STDBOOL_H 1
| #define HAVE_PTRDIFF_T 1
| #define HAVE_SSIZE_T 1
| #define HAVE_UINT32_T 1
| #define HAVE_UINT8_T 1
| #define HAVE_GETMNTENT 1
| #define LSTAT_FOLLOWS_SLASHED_SYMLINK 1
| #define HAVE_STDLIB_H 1
| #define HAVE_MALLOC 1
| #define HAVE_STDLIB_H 1
| #define HAVE_REALLOC 1
| #define HAVE_ALARM 1
| #define HAVE_ATEXIT 1
| #define HAVE_ENDPWENT 1
| #define HAVE_GETMNTENT 1
| #define HAVE_GETPASS 1
| #define HAVE_GETTIMEOFDAY 1
| #define HAVE_INET_NTOP 1
| #define HAVE_MEMSET 1
| #define HAVE_REALPATH 1
| #define HAVE_SETENV 1
| #define HAVE_STRCHR 1
| #define HAVE_STRCMP 1
| #define HAVE_STRDUP 1
| #define HAVE_STRERROR 1
| #define HAVE_STRNCASECMP 1
| #define HAVE_STRNDUP 1
| #define HAVE_STRPBRK 1
| #define HAVE_STRRCHR 1
| #define HAVE_STRSTR 1
| #define HAVE_STRTOL 1
| #define HAVE_STRTOUL 1
| #define HAVE_TOLOWER 1
| #define HAVE_UNAME 1
| #define HAVE_CLOCK_GETTIME 1
| #define HAVE_ARPA_INET_H 1
| #define HAVE_CTYPE_H 1
| #define HAVE_FCNTL_H 1
| #define HAVE_INTTYPES_H 1
| #define HAVE_LIMITS_H 1
| #define HAVE_MNTENT_H 1
| #define HAVE_NETDB_H 1
| #define HAVE_STDDEF_H 1
| #define HAVE_STDINT_H 1
| #define HAVE_STDBOOL_H 1
| #define HAVE_STDLIB_H 1
| #define HAVE_STDIO_H 1
| #define HAVE_ERRNO_H 1
| #define HAVE_STRING_H 1
| #define HAVE_STRINGS_H 1
| #define HAVE_SYS_MOUNT_H 1
| #define HAVE_SYS_PARAM_H 1
| #define HAVE_SYS_SOCKET_H 1
| #define HAVE_SYS_TIME_H 1
| #define HAVE_SYSLOG_H 1
| #define HAVE_UNISTD_H 1
| #define HAVE_SYS_FSUID_H 1
| /* end confdefs.h.  */
| #include <krb5/krb5.h>
configure:5307: result: no
configure:5307: checking for krb5/krb5.h
configure:5307: result: no
configure:5322: WARNING: krb5.h not found, consider installing krb5-devel or krb5-libs-devel. Disabling cifs.upcall.
configure:5396: checking keyutils.h usability
configure:5396: gcc -c -g -O2  conftest.c >&5
conftest.c:118:10: fatal error: keyutils.h: No such file or directory
 #include <keyutils.h>
          ^~~~~~~~~~~~
compilation terminated.
configure:5396: $? = 1
configure: failed program was:
| /* confdefs.h */
| #define PACKAGE_NAME "cifs-utils"
| #define PACKAGE_TARNAME "cifs-utils"
| #define PACKAGE_VERSION "6.6"
| #define PACKAGE_STRING "cifs-utils 6.6"
| #define PACKAGE_BUGREPORT "linux-cifs@vger.kernel.org"
| #define PACKAGE_URL "https://wiki.samba.org/index.php/LinuxCIFS_utils"
| #define PACKAGE "cifs-utils"
| #define VERSION "6.6"
| #define IDMAP_PLUGIN_PATH "/etc/cifs-utils/idmap-plugin"
| #define STDC_HEADERS 1
| #define HAVE_SYS_TYPES_H 1
| #define HAVE_SYS_STAT_H 1
| #define HAVE_STDLIB_H 1
| #define HAVE_STRING_H 1
| #define HAVE_MEMORY_H 1
| #define HAVE_STRINGS_H 1
| #define HAVE_INTTYPES_H 1
| #define HAVE_STDINT_H 1
| #define HAVE_UNISTD_H 1
| #define __EXTENSIONS__ 1
| #define _ALL_SOURCE 1
| #define _GNU_SOURCE 1
| #define _POSIX_PTHREAD_SEMANTICS 1
| #define _TANDEM_SOURCE 1
| #define HAVE__BOOL 1
| #define HAVE_STDBOOL_H 1
| #define HAVE_PTRDIFF_T 1
| #define HAVE_SSIZE_T 1
| #define HAVE_UINT32_T 1
| #define HAVE_UINT8_T 1
| #define HAVE_GETMNTENT 1
| #define LSTAT_FOLLOWS_SLASHED_SYMLINK 1
| #define HAVE_STDLIB_H 1
| #define HAVE_MALLOC 1
| #define HAVE_STDLIB_H 1
| #define HAVE_REALLOC 1
| #define HAVE_ALARM 1
| #define HAVE_ATEXIT 1
| #define HAVE_ENDPWENT 1
| #define HAVE_GETMNTENT 1
| #define HAVE_GETPASS 1
| #define HAVE_GETTIMEOFDAY 1
| #define HAVE_INET_NTOP 1
| #define HAVE_MEMSET 1
| #define HAVE_REALPATH 1
| #define HAVE_SETENV 1
| #define HAVE_STRCHR 1
| #define HAVE_STRCMP 1
| #define HAVE_STRDUP 1
| #define HAVE_STRERROR 1
| #define HAVE_STRNCASECMP 1
| #define HAVE_STRNDUP 1
| #define HAVE_STRPBRK 1
| #define HAVE_STRRCHR 1
| #define HAVE_STRSTR 1
| #define HAVE_STRTOL 1
| #define HAVE_STRTOUL 1
| #define HAVE_TOLOWER 1
| #define HAVE_UNAME 1
| #define HAVE_CLOCK_GETTIME 1
| #define HAVE_ARPA_INET_H 1
| #define HAVE_CTYPE_H 1
| #define HAVE_FCNTL_H 1
| #define HAVE_INTTYPES_H 1
| #define HAVE_LIMITS_H 1
| #define HAVE_MNTENT_H 1
| #define HAVE_NETDB_H 1
| #define HAVE_STDDEF_H 1
| #define HAVE_STDINT_H 1
| #define HAVE_STDBOOL_H 1
| #define HAVE_STDLIB_H 1
| #define HAVE_STDIO_H 1
| #define HAVE_ERRNO_H 1
| #define HAVE_STRING_H 1
| #define HAVE_STRINGS_H 1
| #define HAVE_SYS_MOUNT_H 1
| #define HAVE_SYS_PARAM_H 1
| #define HAVE_SYS_SOCKET_H 1
| #define HAVE_SYS_TIME_H 1
| #define HAVE_SYSLOG_H 1
| #define HAVE_UNISTD_H 1
| #define HAVE_SYS_FSUID_H 1
| /* end confdefs.h.  */
| #include <stdio.h>
| #ifdef HAVE_SYS_TYPES_H
| # include <sys/types.h>
| #endif
| #ifdef HAVE_SYS_STAT_H
| # include <sys/stat.h>
| #endif
| #ifdef STDC_HEADERS
| # include <stdlib.h>
| # include <stddef.h>
| #else
| # ifdef HAVE_STDLIB_H
| #  include <stdlib.h>
| # endif
| #endif
| #ifdef HAVE_STRING_H
| # if !defined STDC_HEADERS && defined HAVE_MEMORY_H
| #  include <memory.h>
| # endif
| # include <string.h>
| #endif
| #ifdef HAVE_STRINGS_H
| # include <strings.h>
| #endif
| #ifdef HAVE_INTTYPES_H
| # include <inttypes.h>
| #endif
| #ifdef HAVE_STDINT_H
| # include <stdint.h>
| #endif
| #ifdef HAVE_UNISTD_H
| # include <unistd.h>
| #endif
| #include <keyutils.h>
configure:5396: result: no
configure:5396: checking keyutils.h presence
configure:5396: gcc -E  conftest.c
conftest.c:85:10: fatal error: keyutils.h: No such file or directory
 #include <keyutils.h>
          ^~~~~~~~~~~~
compilation terminated.
configure:5396: $? = 1
configure: failed program was:
| /* confdefs.h */
| #define PACKAGE_NAME "cifs-utils"
| #define PACKAGE_TARNAME "cifs-utils"
| #define PACKAGE_VERSION "6.6"
| #define PACKAGE_STRING "cifs-utils 6.6"
| #define PACKAGE_BUGREPORT "linux-cifs@vger.kernel.org"
| #define PACKAGE_URL "https://wiki.samba.org/index.php/LinuxCIFS_utils"
| #define PACKAGE "cifs-utils"
| #define VERSION "6.6"
| #define IDMAP_PLUGIN_PATH "/etc/cifs-utils/idmap-plugin"
| #define STDC_HEADERS 1
| #define HAVE_SYS_TYPES_H 1
| #define HAVE_SYS_STAT_H 1
| #define HAVE_STDLIB_H 1
| #define HAVE_STRING_H 1
| #define HAVE_MEMORY_H 1
| #define HAVE_STRINGS_H 1
| #define HAVE_INTTYPES_H 1
| #define HAVE_STDINT_H 1
| #define HAVE_UNISTD_H 1
| #define __EXTENSIONS__ 1
| #define _ALL_SOURCE 1
| #define _GNU_SOURCE 1
| #define _POSIX_PTHREAD_SEMANTICS 1
| #define _TANDEM_SOURCE 1
| #define HAVE__BOOL 1
| #define HAVE_STDBOOL_H 1
| #define HAVE_PTRDIFF_T 1
| #define HAVE_SSIZE_T 1
| #define HAVE_UINT32_T 1
| #define HAVE_UINT8_T 1
| #define HAVE_GETMNTENT 1
| #define LSTAT_FOLLOWS_SLASHED_SYMLINK 1
| #define HAVE_STDLIB_H 1
| #define HAVE_MALLOC 1
| #define HAVE_STDLIB_H 1
| #define HAVE_REALLOC 1
| #define HAVE_ALARM 1
| #define HAVE_ATEXIT 1
| #define HAVE_ENDPWENT 1
| #define HAVE_GETMNTENT 1
| #define HAVE_GETPASS 1
| #define HAVE_GETTIMEOFDAY 1
| #define HAVE_INET_NTOP 1
| #define HAVE_MEMSET 1
| #define HAVE_REALPATH 1
| #define HAVE_SETENV 1
| #define HAVE_STRCHR 1
| #define HAVE_STRCMP 1
| #define HAVE_STRDUP 1
| #define HAVE_STRERROR 1
| #define HAVE_STRNCASECMP 1
| #define HAVE_STRNDUP 1
| #define HAVE_STRPBRK 1
| #define HAVE_STRRCHR 1
| #define HAVE_STRSTR 1
| #define HAVE_STRTOL 1
| #define HAVE_STRTOUL 1
| #define HAVE_TOLOWER 1
| #define HAVE_UNAME 1
| #define HAVE_CLOCK_GETTIME 1
| #define HAVE_ARPA_INET_H 1
| #define HAVE_CTYPE_H 1
| #define HAVE_FCNTL_H 1
| #define HAVE_INTTYPES_H 1
| #define HAVE_LIMITS_H 1
| #define HAVE_MNTENT_H 1
| #define HAVE_NETDB_H 1
| #define HAVE_STDDEF_H 1
| #define HAVE_STDINT_H 1
| #define HAVE_STDBOOL_H 1
| #define HAVE_STDLIB_H 1
| #define HAVE_STDIO_H 1
| #define HAVE_ERRNO_H 1
| #define HAVE_STRING_H 1
| #define HAVE_STRINGS_H 1
| #define HAVE_SYS_MOUNT_H 1
| #define HAVE_SYS_PARAM_H 1
| #define HAVE_SYS_SOCKET_H 1
| #define HAVE_SYS_TIME_H 1
| #define HAVE_SYSLOG_H 1
| #define HAVE_UNISTD_H 1
| #define HAVE_SYS_FSUID_H 1
| /* end confdefs.h.  */
| #include <keyutils.h>
configure:5396: result: no
configure:5396: checking for keyutils.h
configure:5396: result: no
configure:5407: WARNING: keyutils.h not found, consider installing keyutils-libs-devel. Disabling cifs.upcall.
configure:5414: WARNING: keyutils.h not found, consider installing keyutils-libs-devel. Disabling cifs.idmap.
configure:5525: checking for pkg-config
configure:5543: found /usr/bin/pkg-config
configure:5555: result: /usr/bin/pkg-config
configure:5580: checking pkg-config is at least version 0.9.0
configure:5583: result: yes
configure:5595: checking for wbclient
configure:5602: $PKG_CONFIG --exists --print-errors "wbclient"
Package wbclient was not found in the pkg-config search path.
Perhaps you should add the directory containing `wbclient.pc'
to the PKG_CONFIG_PATH environment variable
No package 'wbclient' found
configure:5605: $? = 1
configure:5619: $PKG_CONFIG --exists --print-errors "wbclient"
Package wbclient was not found in the pkg-config search path.
Perhaps you should add the directory containing `wbclient.pc'
to the PKG_CONFIG_PATH environment variable
No package 'wbclient' found
configure:5622: $? = 1
configure:5636: result: no
No package 'wbclient' found
configure:5656: WARNING: wbclient.h not found, consider installing libwbclient-devel. Disabling cifs.idmap.
configure:5663: WARNING: wbclient.h not found, consider installing libwbclient-devel. Disabling cifsacl.
configure:5795: checking whether WBC_ID_TYPE_BOTH enum value is defined
configure:5818: gcc -c -g -O2   conftest.c >&5
conftest.c:87:10: fatal error: wbclient.h: No such file or directory
 #include <wbclient.h>
          ^~~~~~~~~~~~
compilation terminated.
configure:5818: $? = 1
configure: failed program was:
| /* confdefs.h */
| #define PACKAGE_NAME "cifs-utils"
| #define PACKAGE_TARNAME "cifs-utils"
| #define PACKAGE_VERSION "6.6"
| #define PACKAGE_STRING "cifs-utils 6.6"
| #define PACKAGE_BUGREPORT "linux-cifs@vger.kernel.org"
| #define PACKAGE_URL "https://wiki.samba.org/index.php/LinuxCIFS_utils"
| #define PACKAGE "cifs-utils"
| #define VERSION "6.6"
| #define IDMAP_PLUGIN_PATH "/etc/cifs-utils/idmap-plugin"
| #define STDC_HEADERS 1
| #define HAVE_SYS_TYPES_H 1
| #define HAVE_SYS_STAT_H 1
| #define HAVE_STDLIB_H 1
| #define HAVE_STRING_H 1
| #define HAVE_MEMORY_H 1
| #define HAVE_STRINGS_H 1
| #define HAVE_INTTYPES_H 1
| #define HAVE_STDINT_H 1
| #define HAVE_UNISTD_H 1
| #define __EXTENSIONS__ 1
| #define _ALL_SOURCE 1
| #define _GNU_SOURCE 1
| #define _POSIX_PTHREAD_SEMANTICS 1
| #define _TANDEM_SOURCE 1
| #define HAVE__BOOL 1
| #define HAVE_STDBOOL_H 1
| #define HAVE_PTRDIFF_T 1
| #define HAVE_SSIZE_T 1
| #define HAVE_UINT32_T 1
| #define HAVE_UINT8_T 1
| #define HAVE_GETMNTENT 1
| #define LSTAT_FOLLOWS_SLASHED_SYMLINK 1
| #define HAVE_STDLIB_H 1
| #define HAVE_MALLOC 1
| #define HAVE_STDLIB_H 1
| #define HAVE_REALLOC 1
| #define HAVE_ALARM 1
| #define HAVE_ATEXIT 1
| #define HAVE_ENDPWENT 1
| #define HAVE_GETMNTENT 1
| #define HAVE_GETPASS 1
| #define HAVE_GETTIMEOFDAY 1
| #define HAVE_INET_NTOP 1
| #define HAVE_MEMSET 1
| #define HAVE_REALPATH 1
| #define HAVE_SETENV 1
| #define HAVE_STRCHR 1
| #define HAVE_STRCMP 1
| #define HAVE_STRDUP 1
| #define HAVE_STRERROR 1
| #define HAVE_STRNCASECMP 1
| #define HAVE_STRNDUP 1
| #define HAVE_STRPBRK 1
| #define HAVE_STRRCHR 1
| #define HAVE_STRSTR 1
| #define HAVE_STRTOL 1
| #define HAVE_STRTOUL 1
| #define HAVE_TOLOWER 1
| #define HAVE_UNAME 1
| #define HAVE_CLOCK_GETTIME 1
| #define HAVE_ARPA_INET_H 1
| #define HAVE_CTYPE_H 1
| #define HAVE_FCNTL_H 1
| #define HAVE_INTTYPES_H 1
| #define HAVE_LIMITS_H 1
| #define HAVE_MNTENT_H 1
| #define HAVE_NETDB_H 1
| #define HAVE_STDDEF_H 1
| #define HAVE_STDINT_H 1
| #define HAVE_STDBOOL_H 1
| #define HAVE_STDLIB_H 1
| #define HAVE_STDIO_H 1
| #define HAVE_ERRNO_H 1
| #define HAVE_STRING_H 1
| #define HAVE_STRINGS_H 1
| #define HAVE_SYS_MOUNT_H 1
| #define HAVE_SYS_PARAM_H 1
| #define HAVE_SYS_SOCKET_H 1
| #define HAVE_SYS_TIME_H 1
| #define HAVE_SYSLOG_H 1
| #define HAVE_UNISTD_H 1
| #define HAVE_SYS_FSUID_H 1
| /* end confdefs.h.  */
| #include <stdint.h>
| #include <stdbool.h>
| #include <wbclient.h>
| int
| main ()
| {
| enum wbcIdType id = WBC_ID_TYPE_BOTH;
|   ;
|   return 0;
| }
configure:5825: result: no
configure:5841: checking for keyutils.h
configure:5841: result: no
configure:5853: WARNING: keyutils.h not found, consider installing keyutils-libs-devel. Disabling cifscreds and cifscreds PAM module.
configure:5945: checking whether krb5_auth_con_set_req_cksumtype is declared
configure:5945: gcc -c -g -O2  conftest.c >&5
conftest.c:86:10: fatal error: krb5.h: No such file or directory
 #include <krb5.h>
          ^~~~~~~~
compilation terminated.
configure:5945: $? = 1
configure: failed program was:
| /* confdefs.h */
| #define PACKAGE_NAME "cifs-utils"
| #define PACKAGE_TARNAME "cifs-utils"
| #define PACKAGE_VERSION "6.6"
| #define PACKAGE_STRING "cifs-utils 6.6"
| #define PACKAGE_BUGREPORT "linux-cifs@vger.kernel.org"
| #define PACKAGE_URL "https://wiki.samba.org/index.php/LinuxCIFS_utils"
| #define PACKAGE "cifs-utils"
| #define VERSION "6.6"
| #define IDMAP_PLUGIN_PATH "/etc/cifs-utils/idmap-plugin"
| #define STDC_HEADERS 1
| #define HAVE_SYS_TYPES_H 1
| #define HAVE_SYS_STAT_H 1
| #define HAVE_STDLIB_H 1
| #define HAVE_STRING_H 1
| #define HAVE_MEMORY_H 1
| #define HAVE_STRINGS_H 1
| #define HAVE_INTTYPES_H 1
| #define HAVE_STDINT_H 1
| #define HAVE_UNISTD_H 1
| #define __EXTENSIONS__ 1
| #define _ALL_SOURCE 1
| #define _GNU_SOURCE 1
| #define _POSIX_PTHREAD_SEMANTICS 1
| #define _TANDEM_SOURCE 1
| #define HAVE__BOOL 1
| #define HAVE_STDBOOL_H 1
| #define HAVE_PTRDIFF_T 1
| #define HAVE_SSIZE_T 1
| #define HAVE_UINT32_T 1
| #define HAVE_UINT8_T 1
| #define HAVE_GETMNTENT 1
| #define LSTAT_FOLLOWS_SLASHED_SYMLINK 1
| #define HAVE_STDLIB_H 1
| #define HAVE_MALLOC 1
| #define HAVE_STDLIB_H 1
| #define HAVE_REALLOC 1
| #define HAVE_ALARM 1
| #define HAVE_ATEXIT 1
| #define HAVE_ENDPWENT 1
| #define HAVE_GETMNTENT 1
| #define HAVE_GETPASS 1
| #define HAVE_GETTIMEOFDAY 1
| #define HAVE_INET_NTOP 1
| #define HAVE_MEMSET 1
| #define HAVE_REALPATH 1
| #define HAVE_SETENV 1
| #define HAVE_STRCHR 1
| #define HAVE_STRCMP 1
| #define HAVE_STRDUP 1
| #define HAVE_STRERROR 1
| #define HAVE_STRNCASECMP 1
| #define HAVE_STRNDUP 1
| #define HAVE_STRPBRK 1
| #define HAVE_STRRCHR 1
| #define HAVE_STRSTR 1
| #define HAVE_STRTOL 1
| #define HAVE_STRTOUL 1
| #define HAVE_TOLOWER 1
| #define HAVE_UNAME 1
| #define HAVE_CLOCK_GETTIME 1
| #define HAVE_ARPA_INET_H 1
| #define HAVE_CTYPE_H 1
| #define HAVE_FCNTL_H 1
| #define HAVE_INTTYPES_H 1
| #define HAVE_LIMITS_H 1
| #define HAVE_MNTENT_H 1
| #define HAVE_NETDB_H 1
| #define HAVE_STDDEF_H 1
| #define HAVE_STDINT_H 1
| #define HAVE_STDBOOL_H 1
| #define HAVE_STDLIB_H 1
| #define HAVE_STDIO_H 1
| #define HAVE_ERRNO_H 1
| #define HAVE_STRING_H 1
| #define HAVE_STRINGS_H 1
| #define HAVE_SYS_MOUNT_H 1
| #define HAVE_SYS_PARAM_H 1
| #define HAVE_SYS_SOCKET_H 1
| #define HAVE_SYS_TIME_H 1
| #define HAVE_SYSLOG_H 1
| #define HAVE_UNISTD_H 1
| #define HAVE_SYS_FSUID_H 1
| #define ENABLE_SYSTEMD 1
| /* end confdefs.h.  */
| #include <krb5.h>
| 
| int
| main ()
| {
| #ifndef krb5_auth_con_set_req_cksumtype
| #ifdef __cplusplus
|   (void) krb5_auth_con_set_req_cksumtype;
| #else
|   (void) krb5_auth_con_set_req_cksumtype;
| #endif
| #endif
| 
|   ;
|   return 0;
| }
configure:5945: result: no
configure:6026: checking for prctl
configure:6026: gcc -o conftest -g -O2   conftest.c  >&5
configure:6026: $? = 0
configure:6026: result: yes
configure:6032: checking for cap_get_proc in -lcap
configure:6057: gcc -o conftest -g -O2   conftest.c -lcap   >&5
/usr/bin/ld: cannot find -lcap
collect2: error: ld returned 1 exit status
configure:6057: $? = 1
configure: failed program was:
| /* confdefs.h */
| #define PACKAGE_NAME "cifs-utils"
| #define PACKAGE_TARNAME "cifs-utils"
| #define PACKAGE_VERSION "6.6"
| #define PACKAGE_STRING "cifs-utils 6.6"
| #define PACKAGE_BUGREPORT "linux-cifs@vger.kernel.org"
| #define PACKAGE_URL "https://wiki.samba.org/index.php/LinuxCIFS_utils"
| #define PACKAGE "cifs-utils"
| #define VERSION "6.6"
| #define IDMAP_PLUGIN_PATH "/etc/cifs-utils/idmap-plugin"
| #define STDC_HEADERS 1
| #define HAVE_SYS_TYPES_H 1
| #define HAVE_SYS_STAT_H 1
| #define HAVE_STDLIB_H 1
| #define HAVE_STRING_H 1
| #define HAVE_MEMORY_H 1
| #define HAVE_STRINGS_H 1
| #define HAVE_INTTYPES_H 1
| #define HAVE_STDINT_H 1
| #define HAVE_UNISTD_H 1
| #define __EXTENSIONS__ 1
| #define _ALL_SOURCE 1
| #define _GNU_SOURCE 1
| #define _POSIX_PTHREAD_SEMANTICS 1
| #define _TANDEM_SOURCE 1
| #define HAVE__BOOL 1
| #define HAVE_STDBOOL_H 1
| #define HAVE_PTRDIFF_T 1
| #define HAVE_SSIZE_T 1
| #define HAVE_UINT32_T 1
| #define HAVE_UINT8_T 1
| #define HAVE_GETMNTENT 1
| #define LSTAT_FOLLOWS_SLASHED_SYMLINK 1
| #define HAVE_STDLIB_H 1
| #define HAVE_MALLOC 1
| #define HAVE_STDLIB_H 1
| #define HAVE_REALLOC 1
| #define HAVE_ALARM 1
| #define HAVE_ATEXIT 1
| #define HAVE_ENDPWENT 1
| #define HAVE_GETMNTENT 1
| #define HAVE_GETPASS 1
| #define HAVE_GETTIMEOFDAY 1
| #define HAVE_INET_NTOP 1
| #define HAVE_MEMSET 1
| #define HAVE_REALPATH 1
| #define HAVE_SETENV 1
| #define HAVE_STRCHR 1
| #define HAVE_STRCMP 1
| #define HAVE_STRDUP 1
| #define HAVE_STRERROR 1
| #define HAVE_STRNCASECMP 1
| #define HAVE_STRNDUP 1
| #define HAVE_STRPBRK 1
| #define HAVE_STRRCHR 1
| #define HAVE_STRSTR 1
| #define HAVE_STRTOL 1
| #define HAVE_STRTOUL 1
| #define HAVE_TOLOWER 1
| #define HAVE_UNAME 1
| #define HAVE_CLOCK_GETTIME 1
| #define HAVE_ARPA_INET_H 1
| #define HAVE_CTYPE_H 1
| #define HAVE_FCNTL_H 1
| #define HAVE_INTTYPES_H 1
| #define HAVE_LIMITS_H 1
| #define HAVE_MNTENT_H 1
| #define HAVE_NETDB_H 1
| #define HAVE_STDDEF_H 1
| #define HAVE_STDINT_H 1
| #define HAVE_STDBOOL_H 1
| #define HAVE_STDLIB_H 1
| #define HAVE_STDIO_H 1
| #define HAVE_ERRNO_H 1
| #define HAVE_STRING_H 1
| #define HAVE_STRINGS_H 1
| #define HAVE_SYS_MOUNT_H 1
| #define HAVE_SYS_PARAM_H 1
| #define HAVE_SYS_SOCKET_H 1
| #define HAVE_SYS_TIME_H 1
| #define HAVE_SYSLOG_H 1
| #define HAVE_UNISTD_H 1
| #define HAVE_SYS_FSUID_H 1
| #define ENABLE_SYSTEMD 1
| #define HAVE_DECL_KRB5_AUTH_CON_SET_REQ_CKSUMTYPE 0
| /* end confdefs.h.  */
| 
| /* Override any GCC internal prototype to avoid an error.
|    Use char because int might match the return type of a GCC
|    builtin and then its argument prototype would still apply.  */
| #ifdef __cplusplus
| extern "C"
| #endif
| char cap_get_proc ();
| int
| main ()
| {
| return cap_get_proc ();
|   ;
|   return 0;
| }
configure:6066: result: no
configure:6077: checking sys/capability.h usability
configure:6077: gcc -c -g -O2  conftest.c >&5
conftest.c:120:10: fatal error: sys/capability.h: No such file or directory
 #include <sys/capability.h>
          ^~~~~~~~~~~~~~~~~~
compilation terminated.
configure:6077: $? = 1
configure: failed program was:
| /* confdefs.h */
| #define PACKAGE_NAME "cifs-utils"
| #define PACKAGE_TARNAME "cifs-utils"
| #define PACKAGE_VERSION "6.6"
| #define PACKAGE_STRING "cifs-utils 6.6"
| #define PACKAGE_BUGREPORT "linux-cifs@vger.kernel.org"
| #define PACKAGE_URL "https://wiki.samba.org/index.php/LinuxCIFS_utils"
| #define PACKAGE "cifs-utils"
| #define VERSION "6.6"
| #define IDMAP_PLUGIN_PATH "/etc/cifs-utils/idmap-plugin"
| #define STDC_HEADERS 1
| #define HAVE_SYS_TYPES_H 1
| #define HAVE_SYS_STAT_H 1
| #define HAVE_STDLIB_H 1
| #define HAVE_STRING_H 1
| #define HAVE_MEMORY_H 1
| #define HAVE_STRINGS_H 1
| #define HAVE_INTTYPES_H 1
| #define HAVE_STDINT_H 1
| #define HAVE_UNISTD_H 1
| #define __EXTENSIONS__ 1
| #define _ALL_SOURCE 1
| #define _GNU_SOURCE 1
| #define _POSIX_PTHREAD_SEMANTICS 1
| #define _TANDEM_SOURCE 1
| #define HAVE__BOOL 1
| #define HAVE_STDBOOL_H 1
| #define HAVE_PTRDIFF_T 1
| #define HAVE_SSIZE_T 1
| #define HAVE_UINT32_T 1
| #define HAVE_UINT8_T 1
| #define HAVE_GETMNTENT 1
| #define LSTAT_FOLLOWS_SLASHED_SYMLINK 1
| #define HAVE_STDLIB_H 1
| #define HAVE_MALLOC 1
| #define HAVE_STDLIB_H 1
| #define HAVE_REALLOC 1
| #define HAVE_ALARM 1
| #define HAVE_ATEXIT 1
| #define HAVE_ENDPWENT 1
| #define HAVE_GETMNTENT 1
| #define HAVE_GETPASS 1
| #define HAVE_GETTIMEOFDAY 1
| #define HAVE_INET_NTOP 1
| #define HAVE_MEMSET 1
| #define HAVE_REALPATH 1
| #define HAVE_SETENV 1
| #define HAVE_STRCHR 1
| #define HAVE_STRCMP 1
| #define HAVE_STRDUP 1
| #define HAVE_STRERROR 1
| #define HAVE_STRNCASECMP 1
| #define HAVE_STRNDUP 1
| #define HAVE_STRPBRK 1
| #define HAVE_STRRCHR 1
| #define HAVE_STRSTR 1
| #define HAVE_STRTOL 1
| #define HAVE_STRTOUL 1
| #define HAVE_TOLOWER 1
| #define HAVE_UNAME 1
| #define HAVE_CLOCK_GETTIME 1
| #define HAVE_ARPA_INET_H 1
| #define HAVE_CTYPE_H 1
| #define HAVE_FCNTL_H 1
| #define HAVE_INTTYPES_H 1
| #define HAVE_LIMITS_H 1
| #define HAVE_MNTENT_H 1
| #define HAVE_NETDB_H 1
| #define HAVE_STDDEF_H 1
| #define HAVE_STDINT_H 1
| #define HAVE_STDBOOL_H 1
| #define HAVE_STDLIB_H 1
| #define HAVE_STDIO_H 1
| #define HAVE_ERRNO_H 1
| #define HAVE_STRING_H 1
| #define HAVE_STRINGS_H 1
| #define HAVE_SYS_MOUNT_H 1
| #define HAVE_SYS_PARAM_H 1
| #define HAVE_SYS_SOCKET_H 1
| #define HAVE_SYS_TIME_H 1
| #define HAVE_SYSLOG_H 1
| #define HAVE_UNISTD_H 1
| #define HAVE_SYS_FSUID_H 1
| #define ENABLE_SYSTEMD 1
| #define HAVE_DECL_KRB5_AUTH_CON_SET_REQ_CKSUMTYPE 0
| /* end confdefs.h.  */
| #include <stdio.h>
| #ifdef HAVE_SYS_TYPES_H
| # include <sys/types.h>
| #endif
| #ifdef HAVE_SYS_STAT_H
| # include <sys/stat.h>
| #endif
| #ifdef STDC_HEADERS
| # include <stdlib.h>
| # include <stddef.h>
| #else
| # ifdef HAVE_STDLIB_H
| #  include <stdlib.h>
| # endif
| #endif
| #ifdef HAVE_STRING_H
| # if !defined STDC_HEADERS && defined HAVE_MEMORY_H
| #  include <memory.h>
| # endif
| # include <string.h>
| #endif
| #ifdef HAVE_STRINGS_H
| # include <strings.h>
| #endif
| #ifdef HAVE_INTTYPES_H
| # include <inttypes.h>
| #endif
| #ifdef HAVE_STDINT_H
| # include <stdint.h>
| #endif
| #ifdef HAVE_UNISTD_H
| # include <unistd.h>
| #endif
| #include <sys/capability.h>
configure:6077: result: no
configure:6077: checking sys/capability.h presence
configure:6077: gcc -E  conftest.c
conftest.c:87:10: fatal error: sys/capability.h: No such file or directory
 #include <sys/capability.h>
          ^~~~~~~~~~~~~~~~~~
compilation terminated.
configure:6077: $? = 1
configure: failed program was:
| /* confdefs.h */
| #define PACKAGE_NAME "cifs-utils"
| #define PACKAGE_TARNAME "cifs-utils"
| #define PACKAGE_VERSION "6.6"
| #define PACKAGE_STRING "cifs-utils 6.6"
| #define PACKAGE_BUGREPORT "linux-cifs@vger.kernel.org"
| #define PACKAGE_URL "https://wiki.samba.org/index.php/LinuxCIFS_utils"
| #define PACKAGE "cifs-utils"
| #define VERSION "6.6"
| #define IDMAP_PLUGIN_PATH "/etc/cifs-utils/idmap-plugin"
| #define STDC_HEADERS 1
| #define HAVE_SYS_TYPES_H 1
| #define HAVE_SYS_STAT_H 1
| #define HAVE_STDLIB_H 1
| #define HAVE_STRING_H 1
| #define HAVE_MEMORY_H 1
| #define HAVE_STRINGS_H 1
| #define HAVE_INTTYPES_H 1
| #define HAVE_STDINT_H 1
| #define HAVE_UNISTD_H 1
| #define __EXTENSIONS__ 1
| #define _ALL_SOURCE 1
| #define _GNU_SOURCE 1
| #define _POSIX_PTHREAD_SEMANTICS 1
| #define _TANDEM_SOURCE 1
| #define HAVE__BOOL 1
| #define HAVE_STDBOOL_H 1
| #define HAVE_PTRDIFF_T 1
| #define HAVE_SSIZE_T 1
| #define HAVE_UINT32_T 1
| #define HAVE_UINT8_T 1
| #define HAVE_GETMNTENT 1
| #define LSTAT_FOLLOWS_SLASHED_SYMLINK 1
| #define HAVE_STDLIB_H 1
| #define HAVE_MALLOC 1
| #define HAVE_STDLIB_H 1
| #define HAVE_REALLOC 1
| #define HAVE_ALARM 1
| #define HAVE_ATEXIT 1
| #define HAVE_ENDPWENT 1
| #define HAVE_GETMNTENT 1
| #define HAVE_GETPASS 1
| #define HAVE_GETTIMEOFDAY 1
| #define HAVE_INET_NTOP 1
| #define HAVE_MEMSET 1
| #define HAVE_REALPATH 1
| #define HAVE_SETENV 1
| #define HAVE_STRCHR 1
| #define HAVE_STRCMP 1
| #define HAVE_STRDUP 1
| #define HAVE_STRERROR 1
| #define HAVE_STRNCASECMP 1
| #define HAVE_STRNDUP 1
| #define HAVE_STRPBRK 1
| #define HAVE_STRRCHR 1
| #define HAVE_STRSTR 1
| #define HAVE_STRTOL 1
| #define HAVE_STRTOUL 1
| #define HAVE_TOLOWER 1
| #define HAVE_UNAME 1
| #define HAVE_CLOCK_GETTIME 1
| #define HAVE_ARPA_INET_H 1
| #define HAVE_CTYPE_H 1
| #define HAVE_FCNTL_H 1
| #define HAVE_INTTYPES_H 1
| #define HAVE_LIMITS_H 1
| #define HAVE_MNTENT_H 1
| #define HAVE_NETDB_H 1
| #define HAVE_STDDEF_H 1
| #define HAVE_STDINT_H 1
| #define HAVE_STDBOOL_H 1
| #define HAVE_STDLIB_H 1
| #define HAVE_STDIO_H 1
| #define HAVE_ERRNO_H 1
| #define HAVE_STRING_H 1
| #define HAVE_STRINGS_H 1
| #define HAVE_SYS_MOUNT_H 1
| #define HAVE_SYS_PARAM_H 1
| #define HAVE_SYS_SOCKET_H 1
| #define HAVE_SYS_TIME_H 1
| #define HAVE_SYSLOG_H 1
| #define HAVE_UNISTD_H 1
| #define HAVE_SYS_FSUID_H 1
| #define ENABLE_SYSTEMD 1
| #define HAVE_DECL_KRB5_AUTH_CON_SET_REQ_CKSUMTYPE 0
| /* end confdefs.h.  */
| #include <sys/capability.h>
configure:6077: result: no
configure:6077: checking for sys/capability.h
configure:6077: result: no
configure:6088: WARNING: libcap headers not found. mount.cifs will be built without support for dropping capabilities. Consider installing libcap-devel.
configure:6210: checking that generated files are newer than configure
configure:6216: result: done
configure:6263: creating ./config.status

## ---------------------- ##
## Running config.status. ##
## ---------------------- ##

This file was extended by cifs-utils config.status 6.6, which was
generated by GNU Autoconf 2.69.  Invocation command line was

  CONFIG_FILES    = 
  CONFIG_HEADERS  = 
  CONFIG_LINKS    = 
  CONFIG_COMMANDS = 
  $ ./config.status 

on XZ2C

config.status:951: creating Makefile
config.status:951: creating contrib/Makefile
config.status:951: creating contrib/request-key.d/Makefile
config.status:951: creating config.h
config.status:1180: executing depfiles commands
config.status:1257: cd .       && sed -e '/# am--include-marker/d' Makefile         | make -f - am--depfiles
config.status:1262: $? = 0

## ---------------- ##
## Cache variables. ##
## ---------------- ##

ac_cv_build=aarch64-unknown-linux-gnu
ac_cv_c_compiler_gnu=yes
ac_cv_env_CC_set=
ac_cv_env_CC_value=
ac_cv_env_CFLAGS_set=
ac_cv_env_CFLAGS_value=
ac_cv_env_CPPFLAGS_set=
ac_cv_env_CPPFLAGS_value=
ac_cv_env_CPP_set=
ac_cv_env_CPP_value=
ac_cv_env_LDFLAGS_set=
ac_cv_env_LDFLAGS_value=
ac_cv_env_LIBS_set=
ac_cv_env_LIBS_value=
ac_cv_env_PKG_CONFIG_LIBDIR_set=
ac_cv_env_PKG_CONFIG_LIBDIR_value=
ac_cv_env_PKG_CONFIG_PATH_set=
ac_cv_env_PKG_CONFIG_PATH_value=
ac_cv_env_PKG_CONFIG_set=
ac_cv_env_PKG_CONFIG_value=
ac_cv_env_ROOTSBINDIR_set=
ac_cv_env_ROOTSBINDIR_value=
ac_cv_env_WBCLIENT_CFLAGS_set=
ac_cv_env_WBCLIENT_CFLAGS_value=
ac_cv_env_WBCLIENT_LIBS_set=
ac_cv_env_WBCLIENT_LIBS_value=
ac_cv_env_build_alias_set=
ac_cv_env_build_alias_value=
ac_cv_env_host_alias_set=
ac_cv_env_host_alias_value=
ac_cv_env_target_alias_set=
ac_cv_env_target_alias_value=
ac_cv_func_alarm=yes
ac_cv_func_atexit=yes
ac_cv_func_clock_gettime=yes
ac_cv_func_endpwent=yes
ac_cv_func_getmntent=yes
ac_cv_func_getpass=yes
ac_cv_func_gettimeofday=yes
ac_cv_func_inet_ntop=yes
ac_cv_func_lstat_dereferences_slashed_symlink=yes
ac_cv_func_malloc_0_nonnull=yes
ac_cv_func_memset=yes
ac_cv_func_prctl=yes
ac_cv_func_realloc_0_nonnull=yes
ac_cv_func_realpath=yes
ac_cv_func_setenv=yes
ac_cv_func_setfsuid=yes
ac_cv_func_strchr=yes
ac_cv_func_strcmp=yes
ac_cv_func_strdup=yes
ac_cv_func_strerror=yes
ac_cv_func_strncasecmp=yes
ac_cv_func_strndup=yes
ac_cv_func_strnlen_working=yes
ac_cv_func_strpbrk=yes
ac_cv_func_strrchr=yes
ac_cv_func_strstr=yes
ac_cv_func_strtol=yes
ac_cv_func_strtoul=yes
ac_cv_func_tolower=yes
ac_cv_func_uname=yes
ac_cv_have_decl_krb5_auth_con_set_req_cksumtype=no
ac_cv_header_arpa_inet_h=yes
ac_cv_header_ctype_h=yes
ac_cv_header_errno_h=yes
ac_cv_header_fcntl_h=yes
ac_cv_header_inttypes_h=yes
ac_cv_header_keyutils_h=no
ac_cv_header_krb5_h=no
ac_cv_header_krb5_krb5_h=no
ac_cv_header_limits_h=yes
ac_cv_header_memory_h=yes
ac_cv_header_minix_config_h=no
ac_cv_header_mntent_h=yes
ac_cv_header_netdb_h=yes
ac_cv_header_stdbool_h=yes
ac_cv_header_stdc=yes
ac_cv_header_stddef_h=yes
ac_cv_header_stdint_h=yes
ac_cv_header_stdio_h=yes
ac_cv_header_stdlib_h=yes
ac_cv_header_string_h=yes
ac_cv_header_strings_h=yes
ac_cv_header_sys_capability_h=no
ac_cv_header_sys_fsuid_h=yes
ac_cv_header_sys_mount_h=yes
ac_cv_header_sys_param_h=yes
ac_cv_header_sys_socket_h=yes
ac_cv_header_sys_stat_h=yes
ac_cv_header_sys_time_h=yes
ac_cv_header_sys_types_h=yes
ac_cv_header_syslog_h=yes
ac_cv_header_unistd_h=yes
ac_cv_host=aarch64-unknown-linux-gnu
ac_cv_lib_cap_cap_get_proc=no
ac_cv_objext=o
ac_cv_path_EGREP='/usr/bin/grep -E'
ac_cv_path_GREP=/usr/bin/grep
ac_cv_path_SED=/bin/sed
ac_cv_path_ac_pt_PKG_CONFIG=/usr/bin/pkg-config
ac_cv_path_install='/usr/bin/install -c'
ac_cv_path_mkdir=/bin/mkdir
ac_cv_prog_AWK=gawk
ac_cv_prog_CPP='gcc -E'
ac_cv_prog_ac_ct_CC=gcc
ac_cv_prog_cc_c89=
ac_cv_prog_cc_g=yes
ac_cv_prog_make_make_set=yes
ac_cv_safe_to_define___extensions__=yes
ac_cv_search_getmntent='none required'
ac_cv_type__Bool=yes
ac_cv_type_off_t=yes
ac_cv_type_pid_t=yes
ac_cv_type_ptrdiff_t=yes
ac_cv_type_size_t=yes
ac_cv_type_ssize_t=yes
ac_cv_type_uid_t=yes
ac_cv_type_uint32_t=yes
ac_cv_type_uint8_t=yes
am_cv_CC_dependencies_compiler_type=gcc3
am_cv_make_support_nested_variables=yes
am_cv_prog_cc_c_o=yes

## ----------------- ##
## Output variables. ##
## ----------------- ##

ACLOCAL='${SHELL} /home/defaultuser/Downloads/cifs-utils-cifs-utils-6.6/missing aclocal-1.16'
AMDEPBACKSLASH='\'
AMDEP_FALSE='#'
AMDEP_TRUE=''
AMTAR='$${TAR-tar}'
AM_BACKSLASH='\'
AM_DEFAULT_V='$(AM_DEFAULT_VERBOSITY)'
AM_DEFAULT_VERBOSITY='1'
AM_V='$(V)'
AUTOCONF='${SHELL} /home/defaultuser/Downloads/cifs-utils-cifs-utils-6.6/missing autoconf'
AUTOHEADER='${SHELL} /home/defaultuser/Downloads/cifs-utils-cifs-utils-6.6/missing autoheader'
AUTOMAKE='${SHELL} /home/defaultuser/Downloads/cifs-utils-cifs-utils-6.6/missing automake-1.16'
AWK='gawk'
CC='gcc'
CCDEPMODE='depmode=gcc3'
CFLAGS='-g -O2'
CONFIG_CIFSACL_FALSE=''
CONFIG_CIFSACL_TRUE='#'
CONFIG_CIFSCREDS_FALSE=''
CONFIG_CIFSCREDS_TRUE='#'
CONFIG_CIFSIDMAP_FALSE=''
CONFIG_CIFSIDMAP_TRUE='#'
CONFIG_CIFSUPCALL_FALSE=''
CONFIG_CIFSUPCALL_TRUE='#'
CONFIG_PAM_FALSE=''
CONFIG_PAM_TRUE='#'
CONFIG_PLUGIN_FALSE=''
CONFIG_PLUGIN_TRUE='#'
CPP='gcc -E'
CPPFLAGS=''
CYGPATH_W='echo'
DEFS='-DHAVE_CONFIG_H'
DEPDIR='.deps'
ECHO_C=''
ECHO_N='-n'
ECHO_T=''
EGREP='/usr/bin/grep -E'
EXEEXT=''
GREP='/usr/bin/grep'
INSTALL_DATA='${INSTALL} -m 644'
INSTALL_PROGRAM='${INSTALL}'
INSTALL_SCRIPT='${INSTALL}'
INSTALL_STRIP_PROGRAM='$(install_sh) -c -s'
KRB5_LDADD=''
LDFLAGS=''
LIBCAP=''
LIBOBJS=''
LIBS=''
LTLIBOBJS=''
MAKEINFO='${SHELL} /home/defaultuser/Downloads/cifs-utils-cifs-utils-6.6/missing makeinfo'
MKDIR_P='/bin/mkdir -p'
OBJEXT='o'
PACKAGE='cifs-utils'
PACKAGE_BUGREPORT='linux-cifs@vger.kernel.org'
PACKAGE_NAME='cifs-utils'
PACKAGE_STRING='cifs-utils 6.6'
PACKAGE_TARNAME='cifs-utils'
PACKAGE_URL='https://wiki.samba.org/index.php/LinuxCIFS_utils'
PACKAGE_VERSION='6.6'
PATH_SEPARATOR=':'
PIE_CFLAGS='-fpie -pie'
PKG_CONFIG='/usr/bin/pkg-config'
PKG_CONFIG_LIBDIR=''
PKG_CONFIG_PATH=''
RELRO_CFLAGS='-Wl,-z,relro,-z,now'
ROOTSBINDIR='/sbin'
RT_LDADD=''
SED='/bin/sed'
SET_MAKE=''
SHELL='/bin/sh'
STRIP=''
VERSION='6.6'
WBCLIENT_CFLAGS=''
WBCLIENT_LIBS=''
ac_ct_CC='gcc'
am__EXEEXT_FALSE=''
am__EXEEXT_TRUE='#'
am__fastdepCC_FALSE='#'
am__fastdepCC_TRUE=''
am__include='include'
am__isrc=''
am__leading_dot='.'
am__nodep='_no'
am__quote=''
am__tar='$${TAR-tar} chof - "$$tardir"'
am__untar='$${TAR-tar} xf -'
bindir='${exec_prefix}/bin'
build='aarch64-unknown-linux-gnu'
build_alias=''
build_cpu='aarch64'
build_os='linux-gnu'
build_vendor='unknown'
datadir='${datarootdir}'
datarootdir='${prefix}/share'
docdir='${datarootdir}/doc/${PACKAGE_TARNAME}'
dvidir='${docdir}'
exec_prefix='${prefix}'
host='aarch64-unknown-linux-gnu'
host_alias=''
host_cpu='aarch64'
host_os='linux-gnu'
host_vendor='unknown'
htmldir='${docdir}'
includedir='${prefix}/include'
infodir='${datarootdir}/info'
install_sh='${SHELL} /home/defaultuser/Downloads/cifs-utils-cifs-utils-6.6/install-sh'
libdir='${exec_prefix}/lib'
libexecdir='${exec_prefix}/libexec'
localedir='${datarootdir}/locale'
localstatedir='${prefix}/var'
mandir='${datarootdir}/man'
mkdir_p='$(MKDIR_P)'
oldincludedir='/usr/include'
pamdir='$(libdir)/security'
pdfdir='${docdir}'
pluginpath='/etc/cifs-utils/idmap-plugin'
prefix='/usr/local'
program_transform_name='s,x,x,'
psdir='${docdir}'
sbindir='${exec_prefix}/sbin'
sharedstatedir='${prefix}/com'
sysconfdir='${prefix}/etc'
target_alias=''

## ----------- ##
## confdefs.h. ##
## ----------- ##

/* confdefs.h */
#define PACKAGE_NAME "cifs-utils"
#define PACKAGE_TARNAME "cifs-utils"
#define PACKAGE_VERSION "6.6"
#define PACKAGE_STRING "cifs-utils 6.6"
#define PACKAGE_BUGREPORT "linux-cifs@vger.kernel.org"
#define PACKAGE_URL "https://wiki.samba.org/index.php/LinuxCIFS_utils"
#define PACKAGE "cifs-utils"
#define VERSION "6.6"
#define IDMAP_PLUGIN_PATH "/etc/cifs-utils/idmap-plugin"
#define STDC_HEADERS 1
#define HAVE_SYS_TYPES_H 1
#define HAVE_SYS_STAT_H 1
#define HAVE_STDLIB_H 1
#define HAVE_STRING_H 1
#define HAVE_MEMORY_H 1
#define HAVE_STRINGS_H 1
#define HAVE_INTTYPES_H 1
#define HAVE_STDINT_H 1
#define HAVE_UNISTD_H 1
#define __EXTENSIONS__ 1
#define _ALL_SOURCE 1
#define _GNU_SOURCE 1
#define _POSIX_PTHREAD_SEMANTICS 1
#define _TANDEM_SOURCE 1
#define HAVE__BOOL 1
#define HAVE_STDBOOL_H 1
#define HAVE_PTRDIFF_T 1
#define HAVE_SSIZE_T 1
#define HAVE_UINT32_T 1
#define HAVE_UINT8_T 1
#define HAVE_GETMNTENT 1
#define LSTAT_FOLLOWS_SLASHED_SYMLINK 1
#define HAVE_STDLIB_H 1
#define HAVE_MALLOC 1
#define HAVE_STDLIB_H 1
#define HAVE_REALLOC 1
#define HAVE_ALARM 1
#define HAVE_ATEXIT 1
#define HAVE_ENDPWENT 1
#define HAVE_GETMNTENT 1
#define HAVE_GETPASS 1
#define HAVE_GETTIMEOFDAY 1
#define HAVE_INET_NTOP 1
#define HAVE_MEMSET 1
#define HAVE_REALPATH 1
#define HAVE_SETENV 1
#define HAVE_STRCHR 1
#define HAVE_STRCMP 1
#define HAVE_STRDUP 1
#define HAVE_STRERROR 1
#define HAVE_STRNCASECMP 1
#define HAVE_STRNDUP 1
#define HAVE_STRPBRK 1
#define HAVE_STRRCHR 1
#define HAVE_STRSTR 1
#define HAVE_STRTOL 1
#define HAVE_STRTOUL 1
#define HAVE_TOLOWER 1
#define HAVE_UNAME 1
#define HAVE_CLOCK_GETTIME 1
#define HAVE_ARPA_INET_H 1
#define HAVE_CTYPE_H 1
#define HAVE_FCNTL_H 1
#define HAVE_INTTYPES_H 1
#define HAVE_LIMITS_H 1
#define HAVE_MNTENT_H 1
#define HAVE_NETDB_H 1
#define HAVE_STDDEF_H 1
#define HAVE_STDINT_H 1
#define HAVE_STDBOOL_H 1
#define HAVE_STDLIB_H 1
#define HAVE_STDIO_H 1
#define HAVE_ERRNO_H 1
#define HAVE_STRING_H 1
#define HAVE_STRINGS_H 1
#define HAVE_SYS_MOUNT_H 1
#define HAVE_SYS_PARAM_H 1
#define HAVE_SYS_SOCKET_H 1
#define HAVE_SYS_TIME_H 1
#define HAVE_SYSLOG_H 1
#define HAVE_UNISTD_H 1
#define HAVE_SYS_FSUID_H 1
#define ENABLE_SYSTEMD 1
#define HAVE_DECL_KRB5_AUTH_CON_SET_REQ_CKSUMTYPE 0

configure: exit 0
